<?xml version="1.0" encoding="UTF-8"?>
<testsuite name="com.distrimind.bouncycastle.jsse.provider.test.CipherSuitesTestCase" tests="182" skipped="0" failures="52" errors="0" timestamp="2021-05-27T14:26:09" hostname="Garage" time="2.079">
  <properties/>
  <testcase name="TLSv1 : TLS_DHE_DSS_WITH_AES_128_CBC_SHA" classname="com.distrimind.bouncycastle.jsse.provider.test.CipherSuitesTestCase" time="0.01">
    <failure message="junit.framework.AssertionFailedError: Expected: &lt;null&gt; but was: java.lang.IllegalStateException: No usable protocols enabled" type="junit.framework.AssertionFailedError">junit.framework.AssertionFailedError: Expected: &lt;null&gt; but was: java.lang.IllegalStateException: No usable protocols enabled
	at junit.framework.Assert.fail(Assert.java:57)
	at junit.framework.Assert.assertTrue(Assert.java:22)
	at junit.framework.Assert.assertNull(Assert.java:277)
	at junit.framework.Assert.assertNull(Assert.java:268)
	at junit.framework.TestCase.assertNull(TestCase.java:410)
	at com.distrimind.bouncycastle.jsse.provider.test.TestProtocolUtil.runClientAndServer(TestProtocolUtil.java:68)
	at com.distrimind.bouncycastle.jsse.provider.test.CipherSuitesTestCase.runTestConnection(CipherSuitesTestCase.java:85)
	at com.distrimind.bouncycastle.jsse.provider.test.CipherSuitesTestCase.runTest(CipherSuitesTestCase.java:76)
	at junit.framework.TestCase.runBare(TestCase.java:142)
	at junit.framework.TestResult$1.protect(TestResult.java:122)
	at junit.framework.TestResult.runProtected(TestResult.java:142)
	at junit.framework.TestResult.run(TestResult.java:125)
	at junit.framework.TestCase.run(TestCase.java:130)
	at junit.framework.TestSuite.runTest(TestSuite.java:241)
	at junit.framework.TestSuite.run(TestSuite.java:236)
	at junit.framework.TestSuite.runTest(TestSuite.java:241)
	at junit.framework.TestSuite.run(TestSuite.java:236)
	at junit.extensions.TestDecorator.basicRun(TestDecorator.java:24)
	at junit.extensions.TestSetup$1.protect(TestSetup.java:23)
	at junit.framework.TestResult.runProtected(TestResult.java:142)
	at junit.extensions.TestSetup.run(TestSetup.java:27)
	at org.junit.internal.runners.JUnit38ClassRunner.run(JUnit38ClassRunner.java:90)
	at org.gradle.api.internal.tasks.testing.junit.JUnitTestClassExecutor.runTestClass(JUnitTestClassExecutor.java:110)
	at org.gradle.api.internal.tasks.testing.junit.JUnitTestClassExecutor.execute(JUnitTestClassExecutor.java:58)
	at org.gradle.api.internal.tasks.testing.junit.JUnitTestClassExecutor.execute(JUnitTestClassExecutor.java:38)
	at org.gradle.api.internal.tasks.testing.junit.AbstractJUnitTestClassProcessor.processTestClass(AbstractJUnitTestClassProcessor.java:62)
	at org.gradle.api.internal.tasks.testing.SuiteTestClassProcessor.processTestClass(SuiteTestClassProcessor.java:51)
	at java.base/jdk.internal.reflect.NativeMethodAccessorImpl.invoke0(Native Method)
	at java.base/jdk.internal.reflect.NativeMethodAccessorImpl.invoke(NativeMethodAccessorImpl.java:78)
	at java.base/jdk.internal.reflect.DelegatingMethodAccessorImpl.invoke(DelegatingMethodAccessorImpl.java:43)
	at java.base/java.lang.reflect.Method.invoke(Method.java:567)
	at org.gradle.internal.dispatch.ReflectionDispatch.dispatch(ReflectionDispatch.java:36)
	at org.gradle.internal.dispatch.ReflectionDispatch.dispatch(ReflectionDispatch.java:24)
	at org.gradle.internal.dispatch.ContextClassLoaderDispatch.dispatch(ContextClassLoaderDispatch.java:33)
	at org.gradle.internal.dispatch.ProxyDispatchAdapter$DispatchingInvocationHandler.invoke(ProxyDispatchAdapter.java:94)
	at jdk.proxy1/jdk.proxy1.$Proxy2.processTestClass(Unknown Source)
	at org.gradle.api.internal.tasks.testing.worker.TestWorker.processTestClass(TestWorker.java:121)
	at java.base/jdk.internal.reflect.NativeMethodAccessorImpl.invoke0(Native Method)
	at java.base/jdk.internal.reflect.NativeMethodAccessorImpl.invoke(NativeMethodAccessorImpl.java:78)
	at java.base/jdk.internal.reflect.DelegatingMethodAccessorImpl.invoke(DelegatingMethodAccessorImpl.java:43)
	at java.base/java.lang.reflect.Method.invoke(Method.java:567)
	at org.gradle.internal.dispatch.ReflectionDispatch.dispatch(ReflectionDispatch.java:36)
	at org.gradle.internal.dispatch.ReflectionDispatch.dispatch(ReflectionDispatch.java:24)
	at org.gradle.internal.remote.internal.hub.MessageHubBackedObjectConnection$DispatchWrapper.dispatch(MessageHubBackedObjectConnection.java:182)
	at org.gradle.internal.remote.internal.hub.MessageHubBackedObjectConnection$DispatchWrapper.dispatch(MessageHubBackedObjectConnection.java:164)
	at org.gradle.internal.remote.internal.hub.MessageHub$Handler.run(MessageHub.java:414)
	at org.gradle.internal.concurrent.ExecutorPolicy$CatchAndRecordFailures.onExecute(ExecutorPolicy.java:64)
	at org.gradle.internal.concurrent.ManagedExecutorImpl$1.run(ManagedExecutorImpl.java:48)
	at java.base/java.util.concurrent.ThreadPoolExecutor.runWorker(ThreadPoolExecutor.java:1130)
	at java.base/java.util.concurrent.ThreadPoolExecutor$Worker.run(ThreadPoolExecutor.java:630)
	at org.gradle.internal.concurrent.ThreadFactoryImpl$ManagedThreadRunnable.run(ThreadFactoryImpl.java:56)
	at java.base/java.lang.Thread.run(Thread.java:831)
</failure>
  </testcase>
  <testcase name="TLSv1 : TLS_DHE_DSS_WITH_AES_256_CBC_SHA" classname="com.distrimind.bouncycastle.jsse.provider.test.CipherSuitesTestCase" time="0.007">
    <failure message="junit.framework.AssertionFailedError: Expected: &lt;null&gt; but was: java.lang.IllegalStateException: No usable protocols enabled" type="junit.framework.AssertionFailedError">junit.framework.AssertionFailedError: Expected: &lt;null&gt; but was: java.lang.IllegalStateException: No usable protocols enabled
	at junit.framework.Assert.fail(Assert.java:57)
	at junit.framework.Assert.assertTrue(Assert.java:22)
	at junit.framework.Assert.assertNull(Assert.java:277)
	at junit.framework.Assert.assertNull(Assert.java:268)
	at junit.framework.TestCase.assertNull(TestCase.java:410)
	at com.distrimind.bouncycastle.jsse.provider.test.TestProtocolUtil.runClientAndServer(TestProtocolUtil.java:68)
	at com.distrimind.bouncycastle.jsse.provider.test.CipherSuitesTestCase.runTestConnection(CipherSuitesTestCase.java:85)
	at com.distrimind.bouncycastle.jsse.provider.test.CipherSuitesTestCase.runTest(CipherSuitesTestCase.java:76)
	at junit.framework.TestCase.runBare(TestCase.java:142)
	at junit.framework.TestResult$1.protect(TestResult.java:122)
	at junit.framework.TestResult.runProtected(TestResult.java:142)
	at junit.framework.TestResult.run(TestResult.java:125)
	at junit.framework.TestCase.run(TestCase.java:130)
	at junit.framework.TestSuite.runTest(TestSuite.java:241)
	at junit.framework.TestSuite.run(TestSuite.java:236)
	at junit.framework.TestSuite.runTest(TestSuite.java:241)
	at junit.framework.TestSuite.run(TestSuite.java:236)
	at junit.extensions.TestDecorator.basicRun(TestDecorator.java:24)
	at junit.extensions.TestSetup$1.protect(TestSetup.java:23)
	at junit.framework.TestResult.runProtected(TestResult.java:142)
	at junit.extensions.TestSetup.run(TestSetup.java:27)
	at org.junit.internal.runners.JUnit38ClassRunner.run(JUnit38ClassRunner.java:90)
	at org.gradle.api.internal.tasks.testing.junit.JUnitTestClassExecutor.runTestClass(JUnitTestClassExecutor.java:110)
	at org.gradle.api.internal.tasks.testing.junit.JUnitTestClassExecutor.execute(JUnitTestClassExecutor.java:58)
	at org.gradle.api.internal.tasks.testing.junit.JUnitTestClassExecutor.execute(JUnitTestClassExecutor.java:38)
	at org.gradle.api.internal.tasks.testing.junit.AbstractJUnitTestClassProcessor.processTestClass(AbstractJUnitTestClassProcessor.java:62)
	at org.gradle.api.internal.tasks.testing.SuiteTestClassProcessor.processTestClass(SuiteTestClassProcessor.java:51)
	at java.base/jdk.internal.reflect.NativeMethodAccessorImpl.invoke0(Native Method)
	at java.base/jdk.internal.reflect.NativeMethodAccessorImpl.invoke(NativeMethodAccessorImpl.java:78)
	at java.base/jdk.internal.reflect.DelegatingMethodAccessorImpl.invoke(DelegatingMethodAccessorImpl.java:43)
	at java.base/java.lang.reflect.Method.invoke(Method.java:567)
	at org.gradle.internal.dispatch.ReflectionDispatch.dispatch(ReflectionDispatch.java:36)
	at org.gradle.internal.dispatch.ReflectionDispatch.dispatch(ReflectionDispatch.java:24)
	at org.gradle.internal.dispatch.ContextClassLoaderDispatch.dispatch(ContextClassLoaderDispatch.java:33)
	at org.gradle.internal.dispatch.ProxyDispatchAdapter$DispatchingInvocationHandler.invoke(ProxyDispatchAdapter.java:94)
	at jdk.proxy1/jdk.proxy1.$Proxy2.processTestClass(Unknown Source)
	at org.gradle.api.internal.tasks.testing.worker.TestWorker.processTestClass(TestWorker.java:121)
	at java.base/jdk.internal.reflect.NativeMethodAccessorImpl.invoke0(Native Method)
	at java.base/jdk.internal.reflect.NativeMethodAccessorImpl.invoke(NativeMethodAccessorImpl.java:78)
	at java.base/jdk.internal.reflect.DelegatingMethodAccessorImpl.invoke(DelegatingMethodAccessorImpl.java:43)
	at java.base/java.lang.reflect.Method.invoke(Method.java:567)
	at org.gradle.internal.dispatch.ReflectionDispatch.dispatch(ReflectionDispatch.java:36)
	at org.gradle.internal.dispatch.ReflectionDispatch.dispatch(ReflectionDispatch.java:24)
	at org.gradle.internal.remote.internal.hub.MessageHubBackedObjectConnection$DispatchWrapper.dispatch(MessageHubBackedObjectConnection.java:182)
	at org.gradle.internal.remote.internal.hub.MessageHubBackedObjectConnection$DispatchWrapper.dispatch(MessageHubBackedObjectConnection.java:164)
	at org.gradle.internal.remote.internal.hub.MessageHub$Handler.run(MessageHub.java:414)
	at org.gradle.internal.concurrent.ExecutorPolicy$CatchAndRecordFailures.onExecute(ExecutorPolicy.java:64)
	at org.gradle.internal.concurrent.ManagedExecutorImpl$1.run(ManagedExecutorImpl.java:48)
	at java.base/java.util.concurrent.ThreadPoolExecutor.runWorker(ThreadPoolExecutor.java:1130)
	at java.base/java.util.concurrent.ThreadPoolExecutor$Worker.run(ThreadPoolExecutor.java:630)
	at org.gradle.internal.concurrent.ThreadFactoryImpl$ManagedThreadRunnable.run(ThreadFactoryImpl.java:56)
	at java.base/java.lang.Thread.run(Thread.java:831)
</failure>
  </testcase>
  <testcase name="TLSv1 : TLS_DHE_DSS_WITH_CAMELLIA_128_CBC_SHA" classname="com.distrimind.bouncycastle.jsse.provider.test.CipherSuitesTestCase" time="0.006">
    <failure message="junit.framework.AssertionFailedError: Expected: &lt;null&gt; but was: java.lang.IllegalStateException: No usable protocols enabled" type="junit.framework.AssertionFailedError">junit.framework.AssertionFailedError: Expected: &lt;null&gt; but was: java.lang.IllegalStateException: No usable protocols enabled
	at junit.framework.Assert.fail(Assert.java:57)
	at junit.framework.Assert.assertTrue(Assert.java:22)
	at junit.framework.Assert.assertNull(Assert.java:277)
	at junit.framework.Assert.assertNull(Assert.java:268)
	at junit.framework.TestCase.assertNull(TestCase.java:410)
	at com.distrimind.bouncycastle.jsse.provider.test.TestProtocolUtil.runClientAndServer(TestProtocolUtil.java:68)
	at com.distrimind.bouncycastle.jsse.provider.test.CipherSuitesTestCase.runTestConnection(CipherSuitesTestCase.java:85)
	at com.distrimind.bouncycastle.jsse.provider.test.CipherSuitesTestCase.runTest(CipherSuitesTestCase.java:76)
	at junit.framework.TestCase.runBare(TestCase.java:142)
	at junit.framework.TestResult$1.protect(TestResult.java:122)
	at junit.framework.TestResult.runProtected(TestResult.java:142)
	at junit.framework.TestResult.run(TestResult.java:125)
	at junit.framework.TestCase.run(TestCase.java:130)
	at junit.framework.TestSuite.runTest(TestSuite.java:241)
	at junit.framework.TestSuite.run(TestSuite.java:236)
	at junit.framework.TestSuite.runTest(TestSuite.java:241)
	at junit.framework.TestSuite.run(TestSuite.java:236)
	at junit.extensions.TestDecorator.basicRun(TestDecorator.java:24)
	at junit.extensions.TestSetup$1.protect(TestSetup.java:23)
	at junit.framework.TestResult.runProtected(TestResult.java:142)
	at junit.extensions.TestSetup.run(TestSetup.java:27)
	at org.junit.internal.runners.JUnit38ClassRunner.run(JUnit38ClassRunner.java:90)
	at org.gradle.api.internal.tasks.testing.junit.JUnitTestClassExecutor.runTestClass(JUnitTestClassExecutor.java:110)
	at org.gradle.api.internal.tasks.testing.junit.JUnitTestClassExecutor.execute(JUnitTestClassExecutor.java:58)
	at org.gradle.api.internal.tasks.testing.junit.JUnitTestClassExecutor.execute(JUnitTestClassExecutor.java:38)
	at org.gradle.api.internal.tasks.testing.junit.AbstractJUnitTestClassProcessor.processTestClass(AbstractJUnitTestClassProcessor.java:62)
	at org.gradle.api.internal.tasks.testing.SuiteTestClassProcessor.processTestClass(SuiteTestClassProcessor.java:51)
	at java.base/jdk.internal.reflect.NativeMethodAccessorImpl.invoke0(Native Method)
	at java.base/jdk.internal.reflect.NativeMethodAccessorImpl.invoke(NativeMethodAccessorImpl.java:78)
	at java.base/jdk.internal.reflect.DelegatingMethodAccessorImpl.invoke(DelegatingMethodAccessorImpl.java:43)
	at java.base/java.lang.reflect.Method.invoke(Method.java:567)
	at org.gradle.internal.dispatch.ReflectionDispatch.dispatch(ReflectionDispatch.java:36)
	at org.gradle.internal.dispatch.ReflectionDispatch.dispatch(ReflectionDispatch.java:24)
	at org.gradle.internal.dispatch.ContextClassLoaderDispatch.dispatch(ContextClassLoaderDispatch.java:33)
	at org.gradle.internal.dispatch.ProxyDispatchAdapter$DispatchingInvocationHandler.invoke(ProxyDispatchAdapter.java:94)
	at jdk.proxy1/jdk.proxy1.$Proxy2.processTestClass(Unknown Source)
	at org.gradle.api.internal.tasks.testing.worker.TestWorker.processTestClass(TestWorker.java:121)
	at java.base/jdk.internal.reflect.NativeMethodAccessorImpl.invoke0(Native Method)
	at java.base/jdk.internal.reflect.NativeMethodAccessorImpl.invoke(NativeMethodAccessorImpl.java:78)
	at java.base/jdk.internal.reflect.DelegatingMethodAccessorImpl.invoke(DelegatingMethodAccessorImpl.java:43)
	at java.base/java.lang.reflect.Method.invoke(Method.java:567)
	at org.gradle.internal.dispatch.ReflectionDispatch.dispatch(ReflectionDispatch.java:36)
	at org.gradle.internal.dispatch.ReflectionDispatch.dispatch(ReflectionDispatch.java:24)
	at org.gradle.internal.remote.internal.hub.MessageHubBackedObjectConnection$DispatchWrapper.dispatch(MessageHubBackedObjectConnection.java:182)
	at org.gradle.internal.remote.internal.hub.MessageHubBackedObjectConnection$DispatchWrapper.dispatch(MessageHubBackedObjectConnection.java:164)
	at org.gradle.internal.remote.internal.hub.MessageHub$Handler.run(MessageHub.java:414)
	at org.gradle.internal.concurrent.ExecutorPolicy$CatchAndRecordFailures.onExecute(ExecutorPolicy.java:64)
	at org.gradle.internal.concurrent.ManagedExecutorImpl$1.run(ManagedExecutorImpl.java:48)
	at java.base/java.util.concurrent.ThreadPoolExecutor.runWorker(ThreadPoolExecutor.java:1130)
	at java.base/java.util.concurrent.ThreadPoolExecutor$Worker.run(ThreadPoolExecutor.java:630)
	at org.gradle.internal.concurrent.ThreadFactoryImpl$ManagedThreadRunnable.run(ThreadFactoryImpl.java:56)
	at java.base/java.lang.Thread.run(Thread.java:831)
</failure>
  </testcase>
  <testcase name="TLSv1 : TLS_DHE_DSS_WITH_CAMELLIA_256_CBC_SHA" classname="com.distrimind.bouncycastle.jsse.provider.test.CipherSuitesTestCase" time="0.007">
    <failure message="junit.framework.AssertionFailedError: Expected: &lt;null&gt; but was: java.lang.IllegalStateException: No usable protocols enabled" type="junit.framework.AssertionFailedError">junit.framework.AssertionFailedError: Expected: &lt;null&gt; but was: java.lang.IllegalStateException: No usable protocols enabled
	at junit.framework.Assert.fail(Assert.java:57)
	at junit.framework.Assert.assertTrue(Assert.java:22)
	at junit.framework.Assert.assertNull(Assert.java:277)
	at junit.framework.Assert.assertNull(Assert.java:268)
	at junit.framework.TestCase.assertNull(TestCase.java:410)
	at com.distrimind.bouncycastle.jsse.provider.test.TestProtocolUtil.runClientAndServer(TestProtocolUtil.java:68)
	at com.distrimind.bouncycastle.jsse.provider.test.CipherSuitesTestCase.runTestConnection(CipherSuitesTestCase.java:85)
	at com.distrimind.bouncycastle.jsse.provider.test.CipherSuitesTestCase.runTest(CipherSuitesTestCase.java:76)
	at junit.framework.TestCase.runBare(TestCase.java:142)
	at junit.framework.TestResult$1.protect(TestResult.java:122)
	at junit.framework.TestResult.runProtected(TestResult.java:142)
	at junit.framework.TestResult.run(TestResult.java:125)
	at junit.framework.TestCase.run(TestCase.java:130)
	at junit.framework.TestSuite.runTest(TestSuite.java:241)
	at junit.framework.TestSuite.run(TestSuite.java:236)
	at junit.framework.TestSuite.runTest(TestSuite.java:241)
	at junit.framework.TestSuite.run(TestSuite.java:236)
	at junit.extensions.TestDecorator.basicRun(TestDecorator.java:24)
	at junit.extensions.TestSetup$1.protect(TestSetup.java:23)
	at junit.framework.TestResult.runProtected(TestResult.java:142)
	at junit.extensions.TestSetup.run(TestSetup.java:27)
	at org.junit.internal.runners.JUnit38ClassRunner.run(JUnit38ClassRunner.java:90)
	at org.gradle.api.internal.tasks.testing.junit.JUnitTestClassExecutor.runTestClass(JUnitTestClassExecutor.java:110)
	at org.gradle.api.internal.tasks.testing.junit.JUnitTestClassExecutor.execute(JUnitTestClassExecutor.java:58)
	at org.gradle.api.internal.tasks.testing.junit.JUnitTestClassExecutor.execute(JUnitTestClassExecutor.java:38)
	at org.gradle.api.internal.tasks.testing.junit.AbstractJUnitTestClassProcessor.processTestClass(AbstractJUnitTestClassProcessor.java:62)
	at org.gradle.api.internal.tasks.testing.SuiteTestClassProcessor.processTestClass(SuiteTestClassProcessor.java:51)
	at java.base/jdk.internal.reflect.NativeMethodAccessorImpl.invoke0(Native Method)
	at java.base/jdk.internal.reflect.NativeMethodAccessorImpl.invoke(NativeMethodAccessorImpl.java:78)
	at java.base/jdk.internal.reflect.DelegatingMethodAccessorImpl.invoke(DelegatingMethodAccessorImpl.java:43)
	at java.base/java.lang.reflect.Method.invoke(Method.java:567)
	at org.gradle.internal.dispatch.ReflectionDispatch.dispatch(ReflectionDispatch.java:36)
	at org.gradle.internal.dispatch.ReflectionDispatch.dispatch(ReflectionDispatch.java:24)
	at org.gradle.internal.dispatch.ContextClassLoaderDispatch.dispatch(ContextClassLoaderDispatch.java:33)
	at org.gradle.internal.dispatch.ProxyDispatchAdapter$DispatchingInvocationHandler.invoke(ProxyDispatchAdapter.java:94)
	at jdk.proxy1/jdk.proxy1.$Proxy2.processTestClass(Unknown Source)
	at org.gradle.api.internal.tasks.testing.worker.TestWorker.processTestClass(TestWorker.java:121)
	at java.base/jdk.internal.reflect.NativeMethodAccessorImpl.invoke0(Native Method)
	at java.base/jdk.internal.reflect.NativeMethodAccessorImpl.invoke(NativeMethodAccessorImpl.java:78)
	at java.base/jdk.internal.reflect.DelegatingMethodAccessorImpl.invoke(DelegatingMethodAccessorImpl.java:43)
	at java.base/java.lang.reflect.Method.invoke(Method.java:567)
	at org.gradle.internal.dispatch.ReflectionDispatch.dispatch(ReflectionDispatch.java:36)
	at org.gradle.internal.dispatch.ReflectionDispatch.dispatch(ReflectionDispatch.java:24)
	at org.gradle.internal.remote.internal.hub.MessageHubBackedObjectConnection$DispatchWrapper.dispatch(MessageHubBackedObjectConnection.java:182)
	at org.gradle.internal.remote.internal.hub.MessageHubBackedObjectConnection$DispatchWrapper.dispatch(MessageHubBackedObjectConnection.java:164)
	at org.gradle.internal.remote.internal.hub.MessageHub$Handler.run(MessageHub.java:414)
	at org.gradle.internal.concurrent.ExecutorPolicy$CatchAndRecordFailures.onExecute(ExecutorPolicy.java:64)
	at org.gradle.internal.concurrent.ManagedExecutorImpl$1.run(ManagedExecutorImpl.java:48)
	at java.base/java.util.concurrent.ThreadPoolExecutor.runWorker(ThreadPoolExecutor.java:1130)
	at java.base/java.util.concurrent.ThreadPoolExecutor$Worker.run(ThreadPoolExecutor.java:630)
	at org.gradle.internal.concurrent.ThreadFactoryImpl$ManagedThreadRunnable.run(ThreadFactoryImpl.java:56)
	at java.base/java.lang.Thread.run(Thread.java:831)
</failure>
  </testcase>
  <testcase name="TLSv1 : TLS_DHE_RSA_WITH_AES_128_CBC_SHA" classname="com.distrimind.bouncycastle.jsse.provider.test.CipherSuitesTestCase" time="0.006">
    <failure message="junit.framework.AssertionFailedError: Expected: &lt;null&gt; but was: java.lang.IllegalStateException: No usable protocols enabled" type="junit.framework.AssertionFailedError">junit.framework.AssertionFailedError: Expected: &lt;null&gt; but was: java.lang.IllegalStateException: No usable protocols enabled
	at junit.framework.Assert.fail(Assert.java:57)
	at junit.framework.Assert.assertTrue(Assert.java:22)
	at junit.framework.Assert.assertNull(Assert.java:277)
	at junit.framework.Assert.assertNull(Assert.java:268)
	at junit.framework.TestCase.assertNull(TestCase.java:410)
	at com.distrimind.bouncycastle.jsse.provider.test.TestProtocolUtil.runClientAndServer(TestProtocolUtil.java:68)
	at com.distrimind.bouncycastle.jsse.provider.test.CipherSuitesTestCase.runTestConnection(CipherSuitesTestCase.java:85)
	at com.distrimind.bouncycastle.jsse.provider.test.CipherSuitesTestCase.runTest(CipherSuitesTestCase.java:76)
	at junit.framework.TestCase.runBare(TestCase.java:142)
	at junit.framework.TestResult$1.protect(TestResult.java:122)
	at junit.framework.TestResult.runProtected(TestResult.java:142)
	at junit.framework.TestResult.run(TestResult.java:125)
	at junit.framework.TestCase.run(TestCase.java:130)
	at junit.framework.TestSuite.runTest(TestSuite.java:241)
	at junit.framework.TestSuite.run(TestSuite.java:236)
	at junit.framework.TestSuite.runTest(TestSuite.java:241)
	at junit.framework.TestSuite.run(TestSuite.java:236)
	at junit.extensions.TestDecorator.basicRun(TestDecorator.java:24)
	at junit.extensions.TestSetup$1.protect(TestSetup.java:23)
	at junit.framework.TestResult.runProtected(TestResult.java:142)
	at junit.extensions.TestSetup.run(TestSetup.java:27)
	at org.junit.internal.runners.JUnit38ClassRunner.run(JUnit38ClassRunner.java:90)
	at org.gradle.api.internal.tasks.testing.junit.JUnitTestClassExecutor.runTestClass(JUnitTestClassExecutor.java:110)
	at org.gradle.api.internal.tasks.testing.junit.JUnitTestClassExecutor.execute(JUnitTestClassExecutor.java:58)
	at org.gradle.api.internal.tasks.testing.junit.JUnitTestClassExecutor.execute(JUnitTestClassExecutor.java:38)
	at org.gradle.api.internal.tasks.testing.junit.AbstractJUnitTestClassProcessor.processTestClass(AbstractJUnitTestClassProcessor.java:62)
	at org.gradle.api.internal.tasks.testing.SuiteTestClassProcessor.processTestClass(SuiteTestClassProcessor.java:51)
	at java.base/jdk.internal.reflect.NativeMethodAccessorImpl.invoke0(Native Method)
	at java.base/jdk.internal.reflect.NativeMethodAccessorImpl.invoke(NativeMethodAccessorImpl.java:78)
	at java.base/jdk.internal.reflect.DelegatingMethodAccessorImpl.invoke(DelegatingMethodAccessorImpl.java:43)
	at java.base/java.lang.reflect.Method.invoke(Method.java:567)
	at org.gradle.internal.dispatch.ReflectionDispatch.dispatch(ReflectionDispatch.java:36)
	at org.gradle.internal.dispatch.ReflectionDispatch.dispatch(ReflectionDispatch.java:24)
	at org.gradle.internal.dispatch.ContextClassLoaderDispatch.dispatch(ContextClassLoaderDispatch.java:33)
	at org.gradle.internal.dispatch.ProxyDispatchAdapter$DispatchingInvocationHandler.invoke(ProxyDispatchAdapter.java:94)
	at jdk.proxy1/jdk.proxy1.$Proxy2.processTestClass(Unknown Source)
	at org.gradle.api.internal.tasks.testing.worker.TestWorker.processTestClass(TestWorker.java:121)
	at java.base/jdk.internal.reflect.NativeMethodAccessorImpl.invoke0(Native Method)
	at java.base/jdk.internal.reflect.NativeMethodAccessorImpl.invoke(NativeMethodAccessorImpl.java:78)
	at java.base/jdk.internal.reflect.DelegatingMethodAccessorImpl.invoke(DelegatingMethodAccessorImpl.java:43)
	at java.base/java.lang.reflect.Method.invoke(Method.java:567)
	at org.gradle.internal.dispatch.ReflectionDispatch.dispatch(ReflectionDispatch.java:36)
	at org.gradle.internal.dispatch.ReflectionDispatch.dispatch(ReflectionDispatch.java:24)
	at org.gradle.internal.remote.internal.hub.MessageHubBackedObjectConnection$DispatchWrapper.dispatch(MessageHubBackedObjectConnection.java:182)
	at org.gradle.internal.remote.internal.hub.MessageHubBackedObjectConnection$DispatchWrapper.dispatch(MessageHubBackedObjectConnection.java:164)
	at org.gradle.internal.remote.internal.hub.MessageHub$Handler.run(MessageHub.java:414)
	at org.gradle.internal.concurrent.ExecutorPolicy$CatchAndRecordFailures.onExecute(ExecutorPolicy.java:64)
	at org.gradle.internal.concurrent.ManagedExecutorImpl$1.run(ManagedExecutorImpl.java:48)
	at java.base/java.util.concurrent.ThreadPoolExecutor.runWorker(ThreadPoolExecutor.java:1130)
	at java.base/java.util.concurrent.ThreadPoolExecutor$Worker.run(ThreadPoolExecutor.java:630)
	at org.gradle.internal.concurrent.ThreadFactoryImpl$ManagedThreadRunnable.run(ThreadFactoryImpl.java:56)
	at java.base/java.lang.Thread.run(Thread.java:831)
</failure>
  </testcase>
  <testcase name="TLSv1 : TLS_DHE_RSA_WITH_AES_256_CBC_SHA" classname="com.distrimind.bouncycastle.jsse.provider.test.CipherSuitesTestCase" time="0.006">
    <failure message="junit.framework.AssertionFailedError: Expected: &lt;null&gt; but was: java.lang.IllegalStateException: No usable protocols enabled" type="junit.framework.AssertionFailedError">junit.framework.AssertionFailedError: Expected: &lt;null&gt; but was: java.lang.IllegalStateException: No usable protocols enabled
	at junit.framework.Assert.fail(Assert.java:57)
	at junit.framework.Assert.assertTrue(Assert.java:22)
	at junit.framework.Assert.assertNull(Assert.java:277)
	at junit.framework.Assert.assertNull(Assert.java:268)
	at junit.framework.TestCase.assertNull(TestCase.java:410)
	at com.distrimind.bouncycastle.jsse.provider.test.TestProtocolUtil.runClientAndServer(TestProtocolUtil.java:68)
	at com.distrimind.bouncycastle.jsse.provider.test.CipherSuitesTestCase.runTestConnection(CipherSuitesTestCase.java:85)
	at com.distrimind.bouncycastle.jsse.provider.test.CipherSuitesTestCase.runTest(CipherSuitesTestCase.java:76)
	at junit.framework.TestCase.runBare(TestCase.java:142)
	at junit.framework.TestResult$1.protect(TestResult.java:122)
	at junit.framework.TestResult.runProtected(TestResult.java:142)
	at junit.framework.TestResult.run(TestResult.java:125)
	at junit.framework.TestCase.run(TestCase.java:130)
	at junit.framework.TestSuite.runTest(TestSuite.java:241)
	at junit.framework.TestSuite.run(TestSuite.java:236)
	at junit.framework.TestSuite.runTest(TestSuite.java:241)
	at junit.framework.TestSuite.run(TestSuite.java:236)
	at junit.extensions.TestDecorator.basicRun(TestDecorator.java:24)
	at junit.extensions.TestSetup$1.protect(TestSetup.java:23)
	at junit.framework.TestResult.runProtected(TestResult.java:142)
	at junit.extensions.TestSetup.run(TestSetup.java:27)
	at org.junit.internal.runners.JUnit38ClassRunner.run(JUnit38ClassRunner.java:90)
	at org.gradle.api.internal.tasks.testing.junit.JUnitTestClassExecutor.runTestClass(JUnitTestClassExecutor.java:110)
	at org.gradle.api.internal.tasks.testing.junit.JUnitTestClassExecutor.execute(JUnitTestClassExecutor.java:58)
	at org.gradle.api.internal.tasks.testing.junit.JUnitTestClassExecutor.execute(JUnitTestClassExecutor.java:38)
	at org.gradle.api.internal.tasks.testing.junit.AbstractJUnitTestClassProcessor.processTestClass(AbstractJUnitTestClassProcessor.java:62)
	at org.gradle.api.internal.tasks.testing.SuiteTestClassProcessor.processTestClass(SuiteTestClassProcessor.java:51)
	at java.base/jdk.internal.reflect.NativeMethodAccessorImpl.invoke0(Native Method)
	at java.base/jdk.internal.reflect.NativeMethodAccessorImpl.invoke(NativeMethodAccessorImpl.java:78)
	at java.base/jdk.internal.reflect.DelegatingMethodAccessorImpl.invoke(DelegatingMethodAccessorImpl.java:43)
	at java.base/java.lang.reflect.Method.invoke(Method.java:567)
	at org.gradle.internal.dispatch.ReflectionDispatch.dispatch(ReflectionDispatch.java:36)
	at org.gradle.internal.dispatch.ReflectionDispatch.dispatch(ReflectionDispatch.java:24)
	at org.gradle.internal.dispatch.ContextClassLoaderDispatch.dispatch(ContextClassLoaderDispatch.java:33)
	at org.gradle.internal.dispatch.ProxyDispatchAdapter$DispatchingInvocationHandler.invoke(ProxyDispatchAdapter.java:94)
	at jdk.proxy1/jdk.proxy1.$Proxy2.processTestClass(Unknown Source)
	at org.gradle.api.internal.tasks.testing.worker.TestWorker.processTestClass(TestWorker.java:121)
	at java.base/jdk.internal.reflect.NativeMethodAccessorImpl.invoke0(Native Method)
	at java.base/jdk.internal.reflect.NativeMethodAccessorImpl.invoke(NativeMethodAccessorImpl.java:78)
	at java.base/jdk.internal.reflect.DelegatingMethodAccessorImpl.invoke(DelegatingMethodAccessorImpl.java:43)
	at java.base/java.lang.reflect.Method.invoke(Method.java:567)
	at org.gradle.internal.dispatch.ReflectionDispatch.dispatch(ReflectionDispatch.java:36)
	at org.gradle.internal.dispatch.ReflectionDispatch.dispatch(ReflectionDispatch.java:24)
	at org.gradle.internal.remote.internal.hub.MessageHubBackedObjectConnection$DispatchWrapper.dispatch(MessageHubBackedObjectConnection.java:182)
	at org.gradle.internal.remote.internal.hub.MessageHubBackedObjectConnection$DispatchWrapper.dispatch(MessageHubBackedObjectConnection.java:164)
	at org.gradle.internal.remote.internal.hub.MessageHub$Handler.run(MessageHub.java:414)
	at org.gradle.internal.concurrent.ExecutorPolicy$CatchAndRecordFailures.onExecute(ExecutorPolicy.java:64)
	at org.gradle.internal.concurrent.ManagedExecutorImpl$1.run(ManagedExecutorImpl.java:48)
	at java.base/java.util.concurrent.ThreadPoolExecutor.runWorker(ThreadPoolExecutor.java:1130)
	at java.base/java.util.concurrent.ThreadPoolExecutor$Worker.run(ThreadPoolExecutor.java:630)
	at org.gradle.internal.concurrent.ThreadFactoryImpl$ManagedThreadRunnable.run(ThreadFactoryImpl.java:56)
	at java.base/java.lang.Thread.run(Thread.java:831)
</failure>
  </testcase>
  <testcase name="TLSv1 : TLS_DHE_RSA_WITH_CAMELLIA_128_CBC_SHA" classname="com.distrimind.bouncycastle.jsse.provider.test.CipherSuitesTestCase" time="0.006">
    <failure message="junit.framework.AssertionFailedError: Expected: &lt;null&gt; but was: java.lang.IllegalStateException: No usable protocols enabled" type="junit.framework.AssertionFailedError">junit.framework.AssertionFailedError: Expected: &lt;null&gt; but was: java.lang.IllegalStateException: No usable protocols enabled
	at junit.framework.Assert.fail(Assert.java:57)
	at junit.framework.Assert.assertTrue(Assert.java:22)
	at junit.framework.Assert.assertNull(Assert.java:277)
	at junit.framework.Assert.assertNull(Assert.java:268)
	at junit.framework.TestCase.assertNull(TestCase.java:410)
	at com.distrimind.bouncycastle.jsse.provider.test.TestProtocolUtil.runClientAndServer(TestProtocolUtil.java:68)
	at com.distrimind.bouncycastle.jsse.provider.test.CipherSuitesTestCase.runTestConnection(CipherSuitesTestCase.java:85)
	at com.distrimind.bouncycastle.jsse.provider.test.CipherSuitesTestCase.runTest(CipherSuitesTestCase.java:76)
	at junit.framework.TestCase.runBare(TestCase.java:142)
	at junit.framework.TestResult$1.protect(TestResult.java:122)
	at junit.framework.TestResult.runProtected(TestResult.java:142)
	at junit.framework.TestResult.run(TestResult.java:125)
	at junit.framework.TestCase.run(TestCase.java:130)
	at junit.framework.TestSuite.runTest(TestSuite.java:241)
	at junit.framework.TestSuite.run(TestSuite.java:236)
	at junit.framework.TestSuite.runTest(TestSuite.java:241)
	at junit.framework.TestSuite.run(TestSuite.java:236)
	at junit.extensions.TestDecorator.basicRun(TestDecorator.java:24)
	at junit.extensions.TestSetup$1.protect(TestSetup.java:23)
	at junit.framework.TestResult.runProtected(TestResult.java:142)
	at junit.extensions.TestSetup.run(TestSetup.java:27)
	at org.junit.internal.runners.JUnit38ClassRunner.run(JUnit38ClassRunner.java:90)
	at org.gradle.api.internal.tasks.testing.junit.JUnitTestClassExecutor.runTestClass(JUnitTestClassExecutor.java:110)
	at org.gradle.api.internal.tasks.testing.junit.JUnitTestClassExecutor.execute(JUnitTestClassExecutor.java:58)
	at org.gradle.api.internal.tasks.testing.junit.JUnitTestClassExecutor.execute(JUnitTestClassExecutor.java:38)
	at org.gradle.api.internal.tasks.testing.junit.AbstractJUnitTestClassProcessor.processTestClass(AbstractJUnitTestClassProcessor.java:62)
	at org.gradle.api.internal.tasks.testing.SuiteTestClassProcessor.processTestClass(SuiteTestClassProcessor.java:51)
	at java.base/jdk.internal.reflect.NativeMethodAccessorImpl.invoke0(Native Method)
	at java.base/jdk.internal.reflect.NativeMethodAccessorImpl.invoke(NativeMethodAccessorImpl.java:78)
	at java.base/jdk.internal.reflect.DelegatingMethodAccessorImpl.invoke(DelegatingMethodAccessorImpl.java:43)
	at java.base/java.lang.reflect.Method.invoke(Method.java:567)
	at org.gradle.internal.dispatch.ReflectionDispatch.dispatch(ReflectionDispatch.java:36)
	at org.gradle.internal.dispatch.ReflectionDispatch.dispatch(ReflectionDispatch.java:24)
	at org.gradle.internal.dispatch.ContextClassLoaderDispatch.dispatch(ContextClassLoaderDispatch.java:33)
	at org.gradle.internal.dispatch.ProxyDispatchAdapter$DispatchingInvocationHandler.invoke(ProxyDispatchAdapter.java:94)
	at jdk.proxy1/jdk.proxy1.$Proxy2.processTestClass(Unknown Source)
	at org.gradle.api.internal.tasks.testing.worker.TestWorker.processTestClass(TestWorker.java:121)
	at java.base/jdk.internal.reflect.NativeMethodAccessorImpl.invoke0(Native Method)
	at java.base/jdk.internal.reflect.NativeMethodAccessorImpl.invoke(NativeMethodAccessorImpl.java:78)
	at java.base/jdk.internal.reflect.DelegatingMethodAccessorImpl.invoke(DelegatingMethodAccessorImpl.java:43)
	at java.base/java.lang.reflect.Method.invoke(Method.java:567)
	at org.gradle.internal.dispatch.ReflectionDispatch.dispatch(ReflectionDispatch.java:36)
	at org.gradle.internal.dispatch.ReflectionDispatch.dispatch(ReflectionDispatch.java:24)
	at org.gradle.internal.remote.internal.hub.MessageHubBackedObjectConnection$DispatchWrapper.dispatch(MessageHubBackedObjectConnection.java:182)
	at org.gradle.internal.remote.internal.hub.MessageHubBackedObjectConnection$DispatchWrapper.dispatch(MessageHubBackedObjectConnection.java:164)
	at org.gradle.internal.remote.internal.hub.MessageHub$Handler.run(MessageHub.java:414)
	at org.gradle.internal.concurrent.ExecutorPolicy$CatchAndRecordFailures.onExecute(ExecutorPolicy.java:64)
	at org.gradle.internal.concurrent.ManagedExecutorImpl$1.run(ManagedExecutorImpl.java:48)
	at java.base/java.util.concurrent.ThreadPoolExecutor.runWorker(ThreadPoolExecutor.java:1130)
	at java.base/java.util.concurrent.ThreadPoolExecutor$Worker.run(ThreadPoolExecutor.java:630)
	at org.gradle.internal.concurrent.ThreadFactoryImpl$ManagedThreadRunnable.run(ThreadFactoryImpl.java:56)
	at java.base/java.lang.Thread.run(Thread.java:831)
</failure>
  </testcase>
  <testcase name="TLSv1 : TLS_DHE_RSA_WITH_CAMELLIA_256_CBC_SHA" classname="com.distrimind.bouncycastle.jsse.provider.test.CipherSuitesTestCase" time="0.005">
    <failure message="junit.framework.AssertionFailedError: Expected: &lt;null&gt; but was: java.lang.IllegalStateException: No usable protocols enabled" type="junit.framework.AssertionFailedError">junit.framework.AssertionFailedError: Expected: &lt;null&gt; but was: java.lang.IllegalStateException: No usable protocols enabled
	at junit.framework.Assert.fail(Assert.java:57)
	at junit.framework.Assert.assertTrue(Assert.java:22)
	at junit.framework.Assert.assertNull(Assert.java:277)
	at junit.framework.Assert.assertNull(Assert.java:268)
	at junit.framework.TestCase.assertNull(TestCase.java:410)
	at com.distrimind.bouncycastle.jsse.provider.test.TestProtocolUtil.runClientAndServer(TestProtocolUtil.java:68)
	at com.distrimind.bouncycastle.jsse.provider.test.CipherSuitesTestCase.runTestConnection(CipherSuitesTestCase.java:85)
	at com.distrimind.bouncycastle.jsse.provider.test.CipherSuitesTestCase.runTest(CipherSuitesTestCase.java:76)
	at junit.framework.TestCase.runBare(TestCase.java:142)
	at junit.framework.TestResult$1.protect(TestResult.java:122)
	at junit.framework.TestResult.runProtected(TestResult.java:142)
	at junit.framework.TestResult.run(TestResult.java:125)
	at junit.framework.TestCase.run(TestCase.java:130)
	at junit.framework.TestSuite.runTest(TestSuite.java:241)
	at junit.framework.TestSuite.run(TestSuite.java:236)
	at junit.framework.TestSuite.runTest(TestSuite.java:241)
	at junit.framework.TestSuite.run(TestSuite.java:236)
	at junit.extensions.TestDecorator.basicRun(TestDecorator.java:24)
	at junit.extensions.TestSetup$1.protect(TestSetup.java:23)
	at junit.framework.TestResult.runProtected(TestResult.java:142)
	at junit.extensions.TestSetup.run(TestSetup.java:27)
	at org.junit.internal.runners.JUnit38ClassRunner.run(JUnit38ClassRunner.java:90)
	at org.gradle.api.internal.tasks.testing.junit.JUnitTestClassExecutor.runTestClass(JUnitTestClassExecutor.java:110)
	at org.gradle.api.internal.tasks.testing.junit.JUnitTestClassExecutor.execute(JUnitTestClassExecutor.java:58)
	at org.gradle.api.internal.tasks.testing.junit.JUnitTestClassExecutor.execute(JUnitTestClassExecutor.java:38)
	at org.gradle.api.internal.tasks.testing.junit.AbstractJUnitTestClassProcessor.processTestClass(AbstractJUnitTestClassProcessor.java:62)
	at org.gradle.api.internal.tasks.testing.SuiteTestClassProcessor.processTestClass(SuiteTestClassProcessor.java:51)
	at java.base/jdk.internal.reflect.NativeMethodAccessorImpl.invoke0(Native Method)
	at java.base/jdk.internal.reflect.NativeMethodAccessorImpl.invoke(NativeMethodAccessorImpl.java:78)
	at java.base/jdk.internal.reflect.DelegatingMethodAccessorImpl.invoke(DelegatingMethodAccessorImpl.java:43)
	at java.base/java.lang.reflect.Method.invoke(Method.java:567)
	at org.gradle.internal.dispatch.ReflectionDispatch.dispatch(ReflectionDispatch.java:36)
	at org.gradle.internal.dispatch.ReflectionDispatch.dispatch(ReflectionDispatch.java:24)
	at org.gradle.internal.dispatch.ContextClassLoaderDispatch.dispatch(ContextClassLoaderDispatch.java:33)
	at org.gradle.internal.dispatch.ProxyDispatchAdapter$DispatchingInvocationHandler.invoke(ProxyDispatchAdapter.java:94)
	at jdk.proxy1/jdk.proxy1.$Proxy2.processTestClass(Unknown Source)
	at org.gradle.api.internal.tasks.testing.worker.TestWorker.processTestClass(TestWorker.java:121)
	at java.base/jdk.internal.reflect.NativeMethodAccessorImpl.invoke0(Native Method)
	at java.base/jdk.internal.reflect.NativeMethodAccessorImpl.invoke(NativeMethodAccessorImpl.java:78)
	at java.base/jdk.internal.reflect.DelegatingMethodAccessorImpl.invoke(DelegatingMethodAccessorImpl.java:43)
	at java.base/java.lang.reflect.Method.invoke(Method.java:567)
	at org.gradle.internal.dispatch.ReflectionDispatch.dispatch(ReflectionDispatch.java:36)
	at org.gradle.internal.dispatch.ReflectionDispatch.dispatch(ReflectionDispatch.java:24)
	at org.gradle.internal.remote.internal.hub.MessageHubBackedObjectConnection$DispatchWrapper.dispatch(MessageHubBackedObjectConnection.java:182)
	at org.gradle.internal.remote.internal.hub.MessageHubBackedObjectConnection$DispatchWrapper.dispatch(MessageHubBackedObjectConnection.java:164)
	at org.gradle.internal.remote.internal.hub.MessageHub$Handler.run(MessageHub.java:414)
	at org.gradle.internal.concurrent.ExecutorPolicy$CatchAndRecordFailures.onExecute(ExecutorPolicy.java:64)
	at org.gradle.internal.concurrent.ManagedExecutorImpl$1.run(ManagedExecutorImpl.java:48)
	at java.base/java.util.concurrent.ThreadPoolExecutor.runWorker(ThreadPoolExecutor.java:1130)
	at java.base/java.util.concurrent.ThreadPoolExecutor$Worker.run(ThreadPoolExecutor.java:630)
	at org.gradle.internal.concurrent.ThreadFactoryImpl$ManagedThreadRunnable.run(ThreadFactoryImpl.java:56)
	at java.base/java.lang.Thread.run(Thread.java:831)
</failure>
  </testcase>
  <testcase name="TLSv1 : TLS_ECDHE_ECDSA_WITH_AES_128_CBC_SHA" classname="com.distrimind.bouncycastle.jsse.provider.test.CipherSuitesTestCase" time="0.006">
    <failure message="junit.framework.AssertionFailedError: Expected: &lt;null&gt; but was: java.lang.IllegalStateException: No usable protocols enabled" type="junit.framework.AssertionFailedError">junit.framework.AssertionFailedError: Expected: &lt;null&gt; but was: java.lang.IllegalStateException: No usable protocols enabled
	at junit.framework.Assert.fail(Assert.java:57)
	at junit.framework.Assert.assertTrue(Assert.java:22)
	at junit.framework.Assert.assertNull(Assert.java:277)
	at junit.framework.Assert.assertNull(Assert.java:268)
	at junit.framework.TestCase.assertNull(TestCase.java:410)
	at com.distrimind.bouncycastle.jsse.provider.test.TestProtocolUtil.runClientAndServer(TestProtocolUtil.java:68)
	at com.distrimind.bouncycastle.jsse.provider.test.CipherSuitesTestCase.runTestConnection(CipherSuitesTestCase.java:85)
	at com.distrimind.bouncycastle.jsse.provider.test.CipherSuitesTestCase.runTest(CipherSuitesTestCase.java:76)
	at junit.framework.TestCase.runBare(TestCase.java:142)
	at junit.framework.TestResult$1.protect(TestResult.java:122)
	at junit.framework.TestResult.runProtected(TestResult.java:142)
	at junit.framework.TestResult.run(TestResult.java:125)
	at junit.framework.TestCase.run(TestCase.java:130)
	at junit.framework.TestSuite.runTest(TestSuite.java:241)
	at junit.framework.TestSuite.run(TestSuite.java:236)
	at junit.framework.TestSuite.runTest(TestSuite.java:241)
	at junit.framework.TestSuite.run(TestSuite.java:236)
	at junit.extensions.TestDecorator.basicRun(TestDecorator.java:24)
	at junit.extensions.TestSetup$1.protect(TestSetup.java:23)
	at junit.framework.TestResult.runProtected(TestResult.java:142)
	at junit.extensions.TestSetup.run(TestSetup.java:27)
	at org.junit.internal.runners.JUnit38ClassRunner.run(JUnit38ClassRunner.java:90)
	at org.gradle.api.internal.tasks.testing.junit.JUnitTestClassExecutor.runTestClass(JUnitTestClassExecutor.java:110)
	at org.gradle.api.internal.tasks.testing.junit.JUnitTestClassExecutor.execute(JUnitTestClassExecutor.java:58)
	at org.gradle.api.internal.tasks.testing.junit.JUnitTestClassExecutor.execute(JUnitTestClassExecutor.java:38)
	at org.gradle.api.internal.tasks.testing.junit.AbstractJUnitTestClassProcessor.processTestClass(AbstractJUnitTestClassProcessor.java:62)
	at org.gradle.api.internal.tasks.testing.SuiteTestClassProcessor.processTestClass(SuiteTestClassProcessor.java:51)
	at java.base/jdk.internal.reflect.NativeMethodAccessorImpl.invoke0(Native Method)
	at java.base/jdk.internal.reflect.NativeMethodAccessorImpl.invoke(NativeMethodAccessorImpl.java:78)
	at java.base/jdk.internal.reflect.DelegatingMethodAccessorImpl.invoke(DelegatingMethodAccessorImpl.java:43)
	at java.base/java.lang.reflect.Method.invoke(Method.java:567)
	at org.gradle.internal.dispatch.ReflectionDispatch.dispatch(ReflectionDispatch.java:36)
	at org.gradle.internal.dispatch.ReflectionDispatch.dispatch(ReflectionDispatch.java:24)
	at org.gradle.internal.dispatch.ContextClassLoaderDispatch.dispatch(ContextClassLoaderDispatch.java:33)
	at org.gradle.internal.dispatch.ProxyDispatchAdapter$DispatchingInvocationHandler.invoke(ProxyDispatchAdapter.java:94)
	at jdk.proxy1/jdk.proxy1.$Proxy2.processTestClass(Unknown Source)
	at org.gradle.api.internal.tasks.testing.worker.TestWorker.processTestClass(TestWorker.java:121)
	at java.base/jdk.internal.reflect.NativeMethodAccessorImpl.invoke0(Native Method)
	at java.base/jdk.internal.reflect.NativeMethodAccessorImpl.invoke(NativeMethodAccessorImpl.java:78)
	at java.base/jdk.internal.reflect.DelegatingMethodAccessorImpl.invoke(DelegatingMethodAccessorImpl.java:43)
	at java.base/java.lang.reflect.Method.invoke(Method.java:567)
	at org.gradle.internal.dispatch.ReflectionDispatch.dispatch(ReflectionDispatch.java:36)
	at org.gradle.internal.dispatch.ReflectionDispatch.dispatch(ReflectionDispatch.java:24)
	at org.gradle.internal.remote.internal.hub.MessageHubBackedObjectConnection$DispatchWrapper.dispatch(MessageHubBackedObjectConnection.java:182)
	at org.gradle.internal.remote.internal.hub.MessageHubBackedObjectConnection$DispatchWrapper.dispatch(MessageHubBackedObjectConnection.java:164)
	at org.gradle.internal.remote.internal.hub.MessageHub$Handler.run(MessageHub.java:414)
	at org.gradle.internal.concurrent.ExecutorPolicy$CatchAndRecordFailures.onExecute(ExecutorPolicy.java:64)
	at org.gradle.internal.concurrent.ManagedExecutorImpl$1.run(ManagedExecutorImpl.java:48)
	at java.base/java.util.concurrent.ThreadPoolExecutor.runWorker(ThreadPoolExecutor.java:1130)
	at java.base/java.util.concurrent.ThreadPoolExecutor$Worker.run(ThreadPoolExecutor.java:630)
	at org.gradle.internal.concurrent.ThreadFactoryImpl$ManagedThreadRunnable.run(ThreadFactoryImpl.java:56)
	at java.base/java.lang.Thread.run(Thread.java:831)
</failure>
  </testcase>
  <testcase name="TLSv1 : TLS_ECDHE_ECDSA_WITH_AES_256_CBC_SHA" classname="com.distrimind.bouncycastle.jsse.provider.test.CipherSuitesTestCase" time="0.005">
    <failure message="junit.framework.AssertionFailedError: Expected: &lt;null&gt; but was: java.lang.IllegalStateException: No usable protocols enabled" type="junit.framework.AssertionFailedError">junit.framework.AssertionFailedError: Expected: &lt;null&gt; but was: java.lang.IllegalStateException: No usable protocols enabled
	at junit.framework.Assert.fail(Assert.java:57)
	at junit.framework.Assert.assertTrue(Assert.java:22)
	at junit.framework.Assert.assertNull(Assert.java:277)
	at junit.framework.Assert.assertNull(Assert.java:268)
	at junit.framework.TestCase.assertNull(TestCase.java:410)
	at com.distrimind.bouncycastle.jsse.provider.test.TestProtocolUtil.runClientAndServer(TestProtocolUtil.java:68)
	at com.distrimind.bouncycastle.jsse.provider.test.CipherSuitesTestCase.runTestConnection(CipherSuitesTestCase.java:85)
	at com.distrimind.bouncycastle.jsse.provider.test.CipherSuitesTestCase.runTest(CipherSuitesTestCase.java:76)
	at junit.framework.TestCase.runBare(TestCase.java:142)
	at junit.framework.TestResult$1.protect(TestResult.java:122)
	at junit.framework.TestResult.runProtected(TestResult.java:142)
	at junit.framework.TestResult.run(TestResult.java:125)
	at junit.framework.TestCase.run(TestCase.java:130)
	at junit.framework.TestSuite.runTest(TestSuite.java:241)
	at junit.framework.TestSuite.run(TestSuite.java:236)
	at junit.framework.TestSuite.runTest(TestSuite.java:241)
	at junit.framework.TestSuite.run(TestSuite.java:236)
	at junit.extensions.TestDecorator.basicRun(TestDecorator.java:24)
	at junit.extensions.TestSetup$1.protect(TestSetup.java:23)
	at junit.framework.TestResult.runProtected(TestResult.java:142)
	at junit.extensions.TestSetup.run(TestSetup.java:27)
	at org.junit.internal.runners.JUnit38ClassRunner.run(JUnit38ClassRunner.java:90)
	at org.gradle.api.internal.tasks.testing.junit.JUnitTestClassExecutor.runTestClass(JUnitTestClassExecutor.java:110)
	at org.gradle.api.internal.tasks.testing.junit.JUnitTestClassExecutor.execute(JUnitTestClassExecutor.java:58)
	at org.gradle.api.internal.tasks.testing.junit.JUnitTestClassExecutor.execute(JUnitTestClassExecutor.java:38)
	at org.gradle.api.internal.tasks.testing.junit.AbstractJUnitTestClassProcessor.processTestClass(AbstractJUnitTestClassProcessor.java:62)
	at org.gradle.api.internal.tasks.testing.SuiteTestClassProcessor.processTestClass(SuiteTestClassProcessor.java:51)
	at java.base/jdk.internal.reflect.NativeMethodAccessorImpl.invoke0(Native Method)
	at java.base/jdk.internal.reflect.NativeMethodAccessorImpl.invoke(NativeMethodAccessorImpl.java:78)
	at java.base/jdk.internal.reflect.DelegatingMethodAccessorImpl.invoke(DelegatingMethodAccessorImpl.java:43)
	at java.base/java.lang.reflect.Method.invoke(Method.java:567)
	at org.gradle.internal.dispatch.ReflectionDispatch.dispatch(ReflectionDispatch.java:36)
	at org.gradle.internal.dispatch.ReflectionDispatch.dispatch(ReflectionDispatch.java:24)
	at org.gradle.internal.dispatch.ContextClassLoaderDispatch.dispatch(ContextClassLoaderDispatch.java:33)
	at org.gradle.internal.dispatch.ProxyDispatchAdapter$DispatchingInvocationHandler.invoke(ProxyDispatchAdapter.java:94)
	at jdk.proxy1/jdk.proxy1.$Proxy2.processTestClass(Unknown Source)
	at org.gradle.api.internal.tasks.testing.worker.TestWorker.processTestClass(TestWorker.java:121)
	at java.base/jdk.internal.reflect.NativeMethodAccessorImpl.invoke0(Native Method)
	at java.base/jdk.internal.reflect.NativeMethodAccessorImpl.invoke(NativeMethodAccessorImpl.java:78)
	at java.base/jdk.internal.reflect.DelegatingMethodAccessorImpl.invoke(DelegatingMethodAccessorImpl.java:43)
	at java.base/java.lang.reflect.Method.invoke(Method.java:567)
	at org.gradle.internal.dispatch.ReflectionDispatch.dispatch(ReflectionDispatch.java:36)
	at org.gradle.internal.dispatch.ReflectionDispatch.dispatch(ReflectionDispatch.java:24)
	at org.gradle.internal.remote.internal.hub.MessageHubBackedObjectConnection$DispatchWrapper.dispatch(MessageHubBackedObjectConnection.java:182)
	at org.gradle.internal.remote.internal.hub.MessageHubBackedObjectConnection$DispatchWrapper.dispatch(MessageHubBackedObjectConnection.java:164)
	at org.gradle.internal.remote.internal.hub.MessageHub$Handler.run(MessageHub.java:414)
	at org.gradle.internal.concurrent.ExecutorPolicy$CatchAndRecordFailures.onExecute(ExecutorPolicy.java:64)
	at org.gradle.internal.concurrent.ManagedExecutorImpl$1.run(ManagedExecutorImpl.java:48)
	at java.base/java.util.concurrent.ThreadPoolExecutor.runWorker(ThreadPoolExecutor.java:1130)
	at java.base/java.util.concurrent.ThreadPoolExecutor$Worker.run(ThreadPoolExecutor.java:630)
	at org.gradle.internal.concurrent.ThreadFactoryImpl$ManagedThreadRunnable.run(ThreadFactoryImpl.java:56)
	at java.base/java.lang.Thread.run(Thread.java:831)
</failure>
  </testcase>
  <testcase name="TLSv1 : TLS_ECDHE_RSA_WITH_AES_128_CBC_SHA" classname="com.distrimind.bouncycastle.jsse.provider.test.CipherSuitesTestCase" time="0.005">
    <failure message="junit.framework.AssertionFailedError: Expected: &lt;null&gt; but was: java.lang.IllegalStateException: No usable protocols enabled" type="junit.framework.AssertionFailedError">junit.framework.AssertionFailedError: Expected: &lt;null&gt; but was: java.lang.IllegalStateException: No usable protocols enabled
	at junit.framework.Assert.fail(Assert.java:57)
	at junit.framework.Assert.assertTrue(Assert.java:22)
	at junit.framework.Assert.assertNull(Assert.java:277)
	at junit.framework.Assert.assertNull(Assert.java:268)
	at junit.framework.TestCase.assertNull(TestCase.java:410)
	at com.distrimind.bouncycastle.jsse.provider.test.TestProtocolUtil.runClientAndServer(TestProtocolUtil.java:68)
	at com.distrimind.bouncycastle.jsse.provider.test.CipherSuitesTestCase.runTestConnection(CipherSuitesTestCase.java:85)
	at com.distrimind.bouncycastle.jsse.provider.test.CipherSuitesTestCase.runTest(CipherSuitesTestCase.java:76)
	at junit.framework.TestCase.runBare(TestCase.java:142)
	at junit.framework.TestResult$1.protect(TestResult.java:122)
	at junit.framework.TestResult.runProtected(TestResult.java:142)
	at junit.framework.TestResult.run(TestResult.java:125)
	at junit.framework.TestCase.run(TestCase.java:130)
	at junit.framework.TestSuite.runTest(TestSuite.java:241)
	at junit.framework.TestSuite.run(TestSuite.java:236)
	at junit.framework.TestSuite.runTest(TestSuite.java:241)
	at junit.framework.TestSuite.run(TestSuite.java:236)
	at junit.extensions.TestDecorator.basicRun(TestDecorator.java:24)
	at junit.extensions.TestSetup$1.protect(TestSetup.java:23)
	at junit.framework.TestResult.runProtected(TestResult.java:142)
	at junit.extensions.TestSetup.run(TestSetup.java:27)
	at org.junit.internal.runners.JUnit38ClassRunner.run(JUnit38ClassRunner.java:90)
	at org.gradle.api.internal.tasks.testing.junit.JUnitTestClassExecutor.runTestClass(JUnitTestClassExecutor.java:110)
	at org.gradle.api.internal.tasks.testing.junit.JUnitTestClassExecutor.execute(JUnitTestClassExecutor.java:58)
	at org.gradle.api.internal.tasks.testing.junit.JUnitTestClassExecutor.execute(JUnitTestClassExecutor.java:38)
	at org.gradle.api.internal.tasks.testing.junit.AbstractJUnitTestClassProcessor.processTestClass(AbstractJUnitTestClassProcessor.java:62)
	at org.gradle.api.internal.tasks.testing.SuiteTestClassProcessor.processTestClass(SuiteTestClassProcessor.java:51)
	at java.base/jdk.internal.reflect.NativeMethodAccessorImpl.invoke0(Native Method)
	at java.base/jdk.internal.reflect.NativeMethodAccessorImpl.invoke(NativeMethodAccessorImpl.java:78)
	at java.base/jdk.internal.reflect.DelegatingMethodAccessorImpl.invoke(DelegatingMethodAccessorImpl.java:43)
	at java.base/java.lang.reflect.Method.invoke(Method.java:567)
	at org.gradle.internal.dispatch.ReflectionDispatch.dispatch(ReflectionDispatch.java:36)
	at org.gradle.internal.dispatch.ReflectionDispatch.dispatch(ReflectionDispatch.java:24)
	at org.gradle.internal.dispatch.ContextClassLoaderDispatch.dispatch(ContextClassLoaderDispatch.java:33)
	at org.gradle.internal.dispatch.ProxyDispatchAdapter$DispatchingInvocationHandler.invoke(ProxyDispatchAdapter.java:94)
	at jdk.proxy1/jdk.proxy1.$Proxy2.processTestClass(Unknown Source)
	at org.gradle.api.internal.tasks.testing.worker.TestWorker.processTestClass(TestWorker.java:121)
	at java.base/jdk.internal.reflect.NativeMethodAccessorImpl.invoke0(Native Method)
	at java.base/jdk.internal.reflect.NativeMethodAccessorImpl.invoke(NativeMethodAccessorImpl.java:78)
	at java.base/jdk.internal.reflect.DelegatingMethodAccessorImpl.invoke(DelegatingMethodAccessorImpl.java:43)
	at java.base/java.lang.reflect.Method.invoke(Method.java:567)
	at org.gradle.internal.dispatch.ReflectionDispatch.dispatch(ReflectionDispatch.java:36)
	at org.gradle.internal.dispatch.ReflectionDispatch.dispatch(ReflectionDispatch.java:24)
	at org.gradle.internal.remote.internal.hub.MessageHubBackedObjectConnection$DispatchWrapper.dispatch(MessageHubBackedObjectConnection.java:182)
	at org.gradle.internal.remote.internal.hub.MessageHubBackedObjectConnection$DispatchWrapper.dispatch(MessageHubBackedObjectConnection.java:164)
	at org.gradle.internal.remote.internal.hub.MessageHub$Handler.run(MessageHub.java:414)
	at org.gradle.internal.concurrent.ExecutorPolicy$CatchAndRecordFailures.onExecute(ExecutorPolicy.java:64)
	at org.gradle.internal.concurrent.ManagedExecutorImpl$1.run(ManagedExecutorImpl.java:48)
	at java.base/java.util.concurrent.ThreadPoolExecutor.runWorker(ThreadPoolExecutor.java:1130)
	at java.base/java.util.concurrent.ThreadPoolExecutor$Worker.run(ThreadPoolExecutor.java:630)
	at org.gradle.internal.concurrent.ThreadFactoryImpl$ManagedThreadRunnable.run(ThreadFactoryImpl.java:56)
	at java.base/java.lang.Thread.run(Thread.java:831)
</failure>
  </testcase>
  <testcase name="TLSv1 : TLS_ECDHE_RSA_WITH_AES_256_CBC_SHA" classname="com.distrimind.bouncycastle.jsse.provider.test.CipherSuitesTestCase" time="0.005">
    <failure message="junit.framework.AssertionFailedError: Expected: &lt;null&gt; but was: java.lang.IllegalStateException: No usable protocols enabled" type="junit.framework.AssertionFailedError">junit.framework.AssertionFailedError: Expected: &lt;null&gt; but was: java.lang.IllegalStateException: No usable protocols enabled
	at junit.framework.Assert.fail(Assert.java:57)
	at junit.framework.Assert.assertTrue(Assert.java:22)
	at junit.framework.Assert.assertNull(Assert.java:277)
	at junit.framework.Assert.assertNull(Assert.java:268)
	at junit.framework.TestCase.assertNull(TestCase.java:410)
	at com.distrimind.bouncycastle.jsse.provider.test.TestProtocolUtil.runClientAndServer(TestProtocolUtil.java:68)
	at com.distrimind.bouncycastle.jsse.provider.test.CipherSuitesTestCase.runTestConnection(CipherSuitesTestCase.java:85)
	at com.distrimind.bouncycastle.jsse.provider.test.CipherSuitesTestCase.runTest(CipherSuitesTestCase.java:76)
	at junit.framework.TestCase.runBare(TestCase.java:142)
	at junit.framework.TestResult$1.protect(TestResult.java:122)
	at junit.framework.TestResult.runProtected(TestResult.java:142)
	at junit.framework.TestResult.run(TestResult.java:125)
	at junit.framework.TestCase.run(TestCase.java:130)
	at junit.framework.TestSuite.runTest(TestSuite.java:241)
	at junit.framework.TestSuite.run(TestSuite.java:236)
	at junit.framework.TestSuite.runTest(TestSuite.java:241)
	at junit.framework.TestSuite.run(TestSuite.java:236)
	at junit.extensions.TestDecorator.basicRun(TestDecorator.java:24)
	at junit.extensions.TestSetup$1.protect(TestSetup.java:23)
	at junit.framework.TestResult.runProtected(TestResult.java:142)
	at junit.extensions.TestSetup.run(TestSetup.java:27)
	at org.junit.internal.runners.JUnit38ClassRunner.run(JUnit38ClassRunner.java:90)
	at org.gradle.api.internal.tasks.testing.junit.JUnitTestClassExecutor.runTestClass(JUnitTestClassExecutor.java:110)
	at org.gradle.api.internal.tasks.testing.junit.JUnitTestClassExecutor.execute(JUnitTestClassExecutor.java:58)
	at org.gradle.api.internal.tasks.testing.junit.JUnitTestClassExecutor.execute(JUnitTestClassExecutor.java:38)
	at org.gradle.api.internal.tasks.testing.junit.AbstractJUnitTestClassProcessor.processTestClass(AbstractJUnitTestClassProcessor.java:62)
	at org.gradle.api.internal.tasks.testing.SuiteTestClassProcessor.processTestClass(SuiteTestClassProcessor.java:51)
	at java.base/jdk.internal.reflect.NativeMethodAccessorImpl.invoke0(Native Method)
	at java.base/jdk.internal.reflect.NativeMethodAccessorImpl.invoke(NativeMethodAccessorImpl.java:78)
	at java.base/jdk.internal.reflect.DelegatingMethodAccessorImpl.invoke(DelegatingMethodAccessorImpl.java:43)
	at java.base/java.lang.reflect.Method.invoke(Method.java:567)
	at org.gradle.internal.dispatch.ReflectionDispatch.dispatch(ReflectionDispatch.java:36)
	at org.gradle.internal.dispatch.ReflectionDispatch.dispatch(ReflectionDispatch.java:24)
	at org.gradle.internal.dispatch.ContextClassLoaderDispatch.dispatch(ContextClassLoaderDispatch.java:33)
	at org.gradle.internal.dispatch.ProxyDispatchAdapter$DispatchingInvocationHandler.invoke(ProxyDispatchAdapter.java:94)
	at jdk.proxy1/jdk.proxy1.$Proxy2.processTestClass(Unknown Source)
	at org.gradle.api.internal.tasks.testing.worker.TestWorker.processTestClass(TestWorker.java:121)
	at java.base/jdk.internal.reflect.NativeMethodAccessorImpl.invoke0(Native Method)
	at java.base/jdk.internal.reflect.NativeMethodAccessorImpl.invoke(NativeMethodAccessorImpl.java:78)
	at java.base/jdk.internal.reflect.DelegatingMethodAccessorImpl.invoke(DelegatingMethodAccessorImpl.java:43)
	at java.base/java.lang.reflect.Method.invoke(Method.java:567)
	at org.gradle.internal.dispatch.ReflectionDispatch.dispatch(ReflectionDispatch.java:36)
	at org.gradle.internal.dispatch.ReflectionDispatch.dispatch(ReflectionDispatch.java:24)
	at org.gradle.internal.remote.internal.hub.MessageHubBackedObjectConnection$DispatchWrapper.dispatch(MessageHubBackedObjectConnection.java:182)
	at org.gradle.internal.remote.internal.hub.MessageHubBackedObjectConnection$DispatchWrapper.dispatch(MessageHubBackedObjectConnection.java:164)
	at org.gradle.internal.remote.internal.hub.MessageHub$Handler.run(MessageHub.java:414)
	at org.gradle.internal.concurrent.ExecutorPolicy$CatchAndRecordFailures.onExecute(ExecutorPolicy.java:64)
	at org.gradle.internal.concurrent.ManagedExecutorImpl$1.run(ManagedExecutorImpl.java:48)
	at java.base/java.util.concurrent.ThreadPoolExecutor.runWorker(ThreadPoolExecutor.java:1130)
	at java.base/java.util.concurrent.ThreadPoolExecutor$Worker.run(ThreadPoolExecutor.java:630)
	at org.gradle.internal.concurrent.ThreadFactoryImpl$ManagedThreadRunnable.run(ThreadFactoryImpl.java:56)
	at java.base/java.lang.Thread.run(Thread.java:831)
</failure>
  </testcase>
  <testcase name="TLSv1 : TLS_RSA_WITH_AES_128_CBC_SHA" classname="com.distrimind.bouncycastle.jsse.provider.test.CipherSuitesTestCase" time="0.005">
    <failure message="junit.framework.AssertionFailedError: Expected: &lt;null&gt; but was: java.lang.IllegalStateException: No usable protocols enabled" type="junit.framework.AssertionFailedError">junit.framework.AssertionFailedError: Expected: &lt;null&gt; but was: java.lang.IllegalStateException: No usable protocols enabled
	at junit.framework.Assert.fail(Assert.java:57)
	at junit.framework.Assert.assertTrue(Assert.java:22)
	at junit.framework.Assert.assertNull(Assert.java:277)
	at junit.framework.Assert.assertNull(Assert.java:268)
	at junit.framework.TestCase.assertNull(TestCase.java:410)
	at com.distrimind.bouncycastle.jsse.provider.test.TestProtocolUtil.runClientAndServer(TestProtocolUtil.java:68)
	at com.distrimind.bouncycastle.jsse.provider.test.CipherSuitesTestCase.runTestConnection(CipherSuitesTestCase.java:85)
	at com.distrimind.bouncycastle.jsse.provider.test.CipherSuitesTestCase.runTest(CipherSuitesTestCase.java:76)
	at junit.framework.TestCase.runBare(TestCase.java:142)
	at junit.framework.TestResult$1.protect(TestResult.java:122)
	at junit.framework.TestResult.runProtected(TestResult.java:142)
	at junit.framework.TestResult.run(TestResult.java:125)
	at junit.framework.TestCase.run(TestCase.java:130)
	at junit.framework.TestSuite.runTest(TestSuite.java:241)
	at junit.framework.TestSuite.run(TestSuite.java:236)
	at junit.framework.TestSuite.runTest(TestSuite.java:241)
	at junit.framework.TestSuite.run(TestSuite.java:236)
	at junit.extensions.TestDecorator.basicRun(TestDecorator.java:24)
	at junit.extensions.TestSetup$1.protect(TestSetup.java:23)
	at junit.framework.TestResult.runProtected(TestResult.java:142)
	at junit.extensions.TestSetup.run(TestSetup.java:27)
	at org.junit.internal.runners.JUnit38ClassRunner.run(JUnit38ClassRunner.java:90)
	at org.gradle.api.internal.tasks.testing.junit.JUnitTestClassExecutor.runTestClass(JUnitTestClassExecutor.java:110)
	at org.gradle.api.internal.tasks.testing.junit.JUnitTestClassExecutor.execute(JUnitTestClassExecutor.java:58)
	at org.gradle.api.internal.tasks.testing.junit.JUnitTestClassExecutor.execute(JUnitTestClassExecutor.java:38)
	at org.gradle.api.internal.tasks.testing.junit.AbstractJUnitTestClassProcessor.processTestClass(AbstractJUnitTestClassProcessor.java:62)
	at org.gradle.api.internal.tasks.testing.SuiteTestClassProcessor.processTestClass(SuiteTestClassProcessor.java:51)
	at java.base/jdk.internal.reflect.NativeMethodAccessorImpl.invoke0(Native Method)
	at java.base/jdk.internal.reflect.NativeMethodAccessorImpl.invoke(NativeMethodAccessorImpl.java:78)
	at java.base/jdk.internal.reflect.DelegatingMethodAccessorImpl.invoke(DelegatingMethodAccessorImpl.java:43)
	at java.base/java.lang.reflect.Method.invoke(Method.java:567)
	at org.gradle.internal.dispatch.ReflectionDispatch.dispatch(ReflectionDispatch.java:36)
	at org.gradle.internal.dispatch.ReflectionDispatch.dispatch(ReflectionDispatch.java:24)
	at org.gradle.internal.dispatch.ContextClassLoaderDispatch.dispatch(ContextClassLoaderDispatch.java:33)
	at org.gradle.internal.dispatch.ProxyDispatchAdapter$DispatchingInvocationHandler.invoke(ProxyDispatchAdapter.java:94)
	at jdk.proxy1/jdk.proxy1.$Proxy2.processTestClass(Unknown Source)
	at org.gradle.api.internal.tasks.testing.worker.TestWorker.processTestClass(TestWorker.java:121)
	at java.base/jdk.internal.reflect.NativeMethodAccessorImpl.invoke0(Native Method)
	at java.base/jdk.internal.reflect.NativeMethodAccessorImpl.invoke(NativeMethodAccessorImpl.java:78)
	at java.base/jdk.internal.reflect.DelegatingMethodAccessorImpl.invoke(DelegatingMethodAccessorImpl.java:43)
	at java.base/java.lang.reflect.Method.invoke(Method.java:567)
	at org.gradle.internal.dispatch.ReflectionDispatch.dispatch(ReflectionDispatch.java:36)
	at org.gradle.internal.dispatch.ReflectionDispatch.dispatch(ReflectionDispatch.java:24)
	at org.gradle.internal.remote.internal.hub.MessageHubBackedObjectConnection$DispatchWrapper.dispatch(MessageHubBackedObjectConnection.java:182)
	at org.gradle.internal.remote.internal.hub.MessageHubBackedObjectConnection$DispatchWrapper.dispatch(MessageHubBackedObjectConnection.java:164)
	at org.gradle.internal.remote.internal.hub.MessageHub$Handler.run(MessageHub.java:414)
	at org.gradle.internal.concurrent.ExecutorPolicy$CatchAndRecordFailures.onExecute(ExecutorPolicy.java:64)
	at org.gradle.internal.concurrent.ManagedExecutorImpl$1.run(ManagedExecutorImpl.java:48)
	at java.base/java.util.concurrent.ThreadPoolExecutor.runWorker(ThreadPoolExecutor.java:1130)
	at java.base/java.util.concurrent.ThreadPoolExecutor$Worker.run(ThreadPoolExecutor.java:630)
	at org.gradle.internal.concurrent.ThreadFactoryImpl$ManagedThreadRunnable.run(ThreadFactoryImpl.java:56)
	at java.base/java.lang.Thread.run(Thread.java:831)
</failure>
  </testcase>
  <testcase name="TLSv1 : TLS_RSA_WITH_AES_256_CBC_SHA" classname="com.distrimind.bouncycastle.jsse.provider.test.CipherSuitesTestCase" time="0.005">
    <failure message="junit.framework.AssertionFailedError: Expected: &lt;null&gt; but was: java.lang.IllegalStateException: No usable protocols enabled" type="junit.framework.AssertionFailedError">junit.framework.AssertionFailedError: Expected: &lt;null&gt; but was: java.lang.IllegalStateException: No usable protocols enabled
	at junit.framework.Assert.fail(Assert.java:57)
	at junit.framework.Assert.assertTrue(Assert.java:22)
	at junit.framework.Assert.assertNull(Assert.java:277)
	at junit.framework.Assert.assertNull(Assert.java:268)
	at junit.framework.TestCase.assertNull(TestCase.java:410)
	at com.distrimind.bouncycastle.jsse.provider.test.TestProtocolUtil.runClientAndServer(TestProtocolUtil.java:68)
	at com.distrimind.bouncycastle.jsse.provider.test.CipherSuitesTestCase.runTestConnection(CipherSuitesTestCase.java:85)
	at com.distrimind.bouncycastle.jsse.provider.test.CipherSuitesTestCase.runTest(CipherSuitesTestCase.java:76)
	at junit.framework.TestCase.runBare(TestCase.java:142)
	at junit.framework.TestResult$1.protect(TestResult.java:122)
	at junit.framework.TestResult.runProtected(TestResult.java:142)
	at junit.framework.TestResult.run(TestResult.java:125)
	at junit.framework.TestCase.run(TestCase.java:130)
	at junit.framework.TestSuite.runTest(TestSuite.java:241)
	at junit.framework.TestSuite.run(TestSuite.java:236)
	at junit.framework.TestSuite.runTest(TestSuite.java:241)
	at junit.framework.TestSuite.run(TestSuite.java:236)
	at junit.extensions.TestDecorator.basicRun(TestDecorator.java:24)
	at junit.extensions.TestSetup$1.protect(TestSetup.java:23)
	at junit.framework.TestResult.runProtected(TestResult.java:142)
	at junit.extensions.TestSetup.run(TestSetup.java:27)
	at org.junit.internal.runners.JUnit38ClassRunner.run(JUnit38ClassRunner.java:90)
	at org.gradle.api.internal.tasks.testing.junit.JUnitTestClassExecutor.runTestClass(JUnitTestClassExecutor.java:110)
	at org.gradle.api.internal.tasks.testing.junit.JUnitTestClassExecutor.execute(JUnitTestClassExecutor.java:58)
	at org.gradle.api.internal.tasks.testing.junit.JUnitTestClassExecutor.execute(JUnitTestClassExecutor.java:38)
	at org.gradle.api.internal.tasks.testing.junit.AbstractJUnitTestClassProcessor.processTestClass(AbstractJUnitTestClassProcessor.java:62)
	at org.gradle.api.internal.tasks.testing.SuiteTestClassProcessor.processTestClass(SuiteTestClassProcessor.java:51)
	at java.base/jdk.internal.reflect.NativeMethodAccessorImpl.invoke0(Native Method)
	at java.base/jdk.internal.reflect.NativeMethodAccessorImpl.invoke(NativeMethodAccessorImpl.java:78)
	at java.base/jdk.internal.reflect.DelegatingMethodAccessorImpl.invoke(DelegatingMethodAccessorImpl.java:43)
	at java.base/java.lang.reflect.Method.invoke(Method.java:567)
	at org.gradle.internal.dispatch.ReflectionDispatch.dispatch(ReflectionDispatch.java:36)
	at org.gradle.internal.dispatch.ReflectionDispatch.dispatch(ReflectionDispatch.java:24)
	at org.gradle.internal.dispatch.ContextClassLoaderDispatch.dispatch(ContextClassLoaderDispatch.java:33)
	at org.gradle.internal.dispatch.ProxyDispatchAdapter$DispatchingInvocationHandler.invoke(ProxyDispatchAdapter.java:94)
	at jdk.proxy1/jdk.proxy1.$Proxy2.processTestClass(Unknown Source)
	at org.gradle.api.internal.tasks.testing.worker.TestWorker.processTestClass(TestWorker.java:121)
	at java.base/jdk.internal.reflect.NativeMethodAccessorImpl.invoke0(Native Method)
	at java.base/jdk.internal.reflect.NativeMethodAccessorImpl.invoke(NativeMethodAccessorImpl.java:78)
	at java.base/jdk.internal.reflect.DelegatingMethodAccessorImpl.invoke(DelegatingMethodAccessorImpl.java:43)
	at java.base/java.lang.reflect.Method.invoke(Method.java:567)
	at org.gradle.internal.dispatch.ReflectionDispatch.dispatch(ReflectionDispatch.java:36)
	at org.gradle.internal.dispatch.ReflectionDispatch.dispatch(ReflectionDispatch.java:24)
	at org.gradle.internal.remote.internal.hub.MessageHubBackedObjectConnection$DispatchWrapper.dispatch(MessageHubBackedObjectConnection.java:182)
	at org.gradle.internal.remote.internal.hub.MessageHubBackedObjectConnection$DispatchWrapper.dispatch(MessageHubBackedObjectConnection.java:164)
	at org.gradle.internal.remote.internal.hub.MessageHub$Handler.run(MessageHub.java:414)
	at org.gradle.internal.concurrent.ExecutorPolicy$CatchAndRecordFailures.onExecute(ExecutorPolicy.java:64)
	at org.gradle.internal.concurrent.ManagedExecutorImpl$1.run(ManagedExecutorImpl.java:48)
	at java.base/java.util.concurrent.ThreadPoolExecutor.runWorker(ThreadPoolExecutor.java:1130)
	at java.base/java.util.concurrent.ThreadPoolExecutor$Worker.run(ThreadPoolExecutor.java:630)
	at org.gradle.internal.concurrent.ThreadFactoryImpl$ManagedThreadRunnable.run(ThreadFactoryImpl.java:56)
	at java.base/java.lang.Thread.run(Thread.java:831)
</failure>
  </testcase>
  <testcase name="TLSv1 : TLS_RSA_WITH_CAMELLIA_128_CBC_SHA" classname="com.distrimind.bouncycastle.jsse.provider.test.CipherSuitesTestCase" time="0.005">
    <failure message="junit.framework.AssertionFailedError: Expected: &lt;null&gt; but was: java.lang.IllegalStateException: No usable protocols enabled" type="junit.framework.AssertionFailedError">junit.framework.AssertionFailedError: Expected: &lt;null&gt; but was: java.lang.IllegalStateException: No usable protocols enabled
	at junit.framework.Assert.fail(Assert.java:57)
	at junit.framework.Assert.assertTrue(Assert.java:22)
	at junit.framework.Assert.assertNull(Assert.java:277)
	at junit.framework.Assert.assertNull(Assert.java:268)
	at junit.framework.TestCase.assertNull(TestCase.java:410)
	at com.distrimind.bouncycastle.jsse.provider.test.TestProtocolUtil.runClientAndServer(TestProtocolUtil.java:68)
	at com.distrimind.bouncycastle.jsse.provider.test.CipherSuitesTestCase.runTestConnection(CipherSuitesTestCase.java:85)
	at com.distrimind.bouncycastle.jsse.provider.test.CipherSuitesTestCase.runTest(CipherSuitesTestCase.java:76)
	at junit.framework.TestCase.runBare(TestCase.java:142)
	at junit.framework.TestResult$1.protect(TestResult.java:122)
	at junit.framework.TestResult.runProtected(TestResult.java:142)
	at junit.framework.TestResult.run(TestResult.java:125)
	at junit.framework.TestCase.run(TestCase.java:130)
	at junit.framework.TestSuite.runTest(TestSuite.java:241)
	at junit.framework.TestSuite.run(TestSuite.java:236)
	at junit.framework.TestSuite.runTest(TestSuite.java:241)
	at junit.framework.TestSuite.run(TestSuite.java:236)
	at junit.extensions.TestDecorator.basicRun(TestDecorator.java:24)
	at junit.extensions.TestSetup$1.protect(TestSetup.java:23)
	at junit.framework.TestResult.runProtected(TestResult.java:142)
	at junit.extensions.TestSetup.run(TestSetup.java:27)
	at org.junit.internal.runners.JUnit38ClassRunner.run(JUnit38ClassRunner.java:90)
	at org.gradle.api.internal.tasks.testing.junit.JUnitTestClassExecutor.runTestClass(JUnitTestClassExecutor.java:110)
	at org.gradle.api.internal.tasks.testing.junit.JUnitTestClassExecutor.execute(JUnitTestClassExecutor.java:58)
	at org.gradle.api.internal.tasks.testing.junit.JUnitTestClassExecutor.execute(JUnitTestClassExecutor.java:38)
	at org.gradle.api.internal.tasks.testing.junit.AbstractJUnitTestClassProcessor.processTestClass(AbstractJUnitTestClassProcessor.java:62)
	at org.gradle.api.internal.tasks.testing.SuiteTestClassProcessor.processTestClass(SuiteTestClassProcessor.java:51)
	at java.base/jdk.internal.reflect.NativeMethodAccessorImpl.invoke0(Native Method)
	at java.base/jdk.internal.reflect.NativeMethodAccessorImpl.invoke(NativeMethodAccessorImpl.java:78)
	at java.base/jdk.internal.reflect.DelegatingMethodAccessorImpl.invoke(DelegatingMethodAccessorImpl.java:43)
	at java.base/java.lang.reflect.Method.invoke(Method.java:567)
	at org.gradle.internal.dispatch.ReflectionDispatch.dispatch(ReflectionDispatch.java:36)
	at org.gradle.internal.dispatch.ReflectionDispatch.dispatch(ReflectionDispatch.java:24)
	at org.gradle.internal.dispatch.ContextClassLoaderDispatch.dispatch(ContextClassLoaderDispatch.java:33)
	at org.gradle.internal.dispatch.ProxyDispatchAdapter$DispatchingInvocationHandler.invoke(ProxyDispatchAdapter.java:94)
	at jdk.proxy1/jdk.proxy1.$Proxy2.processTestClass(Unknown Source)
	at org.gradle.api.internal.tasks.testing.worker.TestWorker.processTestClass(TestWorker.java:121)
	at java.base/jdk.internal.reflect.NativeMethodAccessorImpl.invoke0(Native Method)
	at java.base/jdk.internal.reflect.NativeMethodAccessorImpl.invoke(NativeMethodAccessorImpl.java:78)
	at java.base/jdk.internal.reflect.DelegatingMethodAccessorImpl.invoke(DelegatingMethodAccessorImpl.java:43)
	at java.base/java.lang.reflect.Method.invoke(Method.java:567)
	at org.gradle.internal.dispatch.ReflectionDispatch.dispatch(ReflectionDispatch.java:36)
	at org.gradle.internal.dispatch.ReflectionDispatch.dispatch(ReflectionDispatch.java:24)
	at org.gradle.internal.remote.internal.hub.MessageHubBackedObjectConnection$DispatchWrapper.dispatch(MessageHubBackedObjectConnection.java:182)
	at org.gradle.internal.remote.internal.hub.MessageHubBackedObjectConnection$DispatchWrapper.dispatch(MessageHubBackedObjectConnection.java:164)
	at org.gradle.internal.remote.internal.hub.MessageHub$Handler.run(MessageHub.java:414)
	at org.gradle.internal.concurrent.ExecutorPolicy$CatchAndRecordFailures.onExecute(ExecutorPolicy.java:64)
	at org.gradle.internal.concurrent.ManagedExecutorImpl$1.run(ManagedExecutorImpl.java:48)
	at java.base/java.util.concurrent.ThreadPoolExecutor.runWorker(ThreadPoolExecutor.java:1130)
	at java.base/java.util.concurrent.ThreadPoolExecutor$Worker.run(ThreadPoolExecutor.java:630)
	at org.gradle.internal.concurrent.ThreadFactoryImpl$ManagedThreadRunnable.run(ThreadFactoryImpl.java:56)
	at java.base/java.lang.Thread.run(Thread.java:831)
</failure>
  </testcase>
  <testcase name="TLSv1 : TLS_RSA_WITH_CAMELLIA_256_CBC_SHA" classname="com.distrimind.bouncycastle.jsse.provider.test.CipherSuitesTestCase" time="0.005">
    <failure message="junit.framework.AssertionFailedError: Expected: &lt;null&gt; but was: java.lang.IllegalStateException: No usable protocols enabled" type="junit.framework.AssertionFailedError">junit.framework.AssertionFailedError: Expected: &lt;null&gt; but was: java.lang.IllegalStateException: No usable protocols enabled
	at junit.framework.Assert.fail(Assert.java:57)
	at junit.framework.Assert.assertTrue(Assert.java:22)
	at junit.framework.Assert.assertNull(Assert.java:277)
	at junit.framework.Assert.assertNull(Assert.java:268)
	at junit.framework.TestCase.assertNull(TestCase.java:410)
	at com.distrimind.bouncycastle.jsse.provider.test.TestProtocolUtil.runClientAndServer(TestProtocolUtil.java:68)
	at com.distrimind.bouncycastle.jsse.provider.test.CipherSuitesTestCase.runTestConnection(CipherSuitesTestCase.java:85)
	at com.distrimind.bouncycastle.jsse.provider.test.CipherSuitesTestCase.runTest(CipherSuitesTestCase.java:76)
	at junit.framework.TestCase.runBare(TestCase.java:142)
	at junit.framework.TestResult$1.protect(TestResult.java:122)
	at junit.framework.TestResult.runProtected(TestResult.java:142)
	at junit.framework.TestResult.run(TestResult.java:125)
	at junit.framework.TestCase.run(TestCase.java:130)
	at junit.framework.TestSuite.runTest(TestSuite.java:241)
	at junit.framework.TestSuite.run(TestSuite.java:236)
	at junit.framework.TestSuite.runTest(TestSuite.java:241)
	at junit.framework.TestSuite.run(TestSuite.java:236)
	at junit.extensions.TestDecorator.basicRun(TestDecorator.java:24)
	at junit.extensions.TestSetup$1.protect(TestSetup.java:23)
	at junit.framework.TestResult.runProtected(TestResult.java:142)
	at junit.extensions.TestSetup.run(TestSetup.java:27)
	at org.junit.internal.runners.JUnit38ClassRunner.run(JUnit38ClassRunner.java:90)
	at org.gradle.api.internal.tasks.testing.junit.JUnitTestClassExecutor.runTestClass(JUnitTestClassExecutor.java:110)
	at org.gradle.api.internal.tasks.testing.junit.JUnitTestClassExecutor.execute(JUnitTestClassExecutor.java:58)
	at org.gradle.api.internal.tasks.testing.junit.JUnitTestClassExecutor.execute(JUnitTestClassExecutor.java:38)
	at org.gradle.api.internal.tasks.testing.junit.AbstractJUnitTestClassProcessor.processTestClass(AbstractJUnitTestClassProcessor.java:62)
	at org.gradle.api.internal.tasks.testing.SuiteTestClassProcessor.processTestClass(SuiteTestClassProcessor.java:51)
	at java.base/jdk.internal.reflect.NativeMethodAccessorImpl.invoke0(Native Method)
	at java.base/jdk.internal.reflect.NativeMethodAccessorImpl.invoke(NativeMethodAccessorImpl.java:78)
	at java.base/jdk.internal.reflect.DelegatingMethodAccessorImpl.invoke(DelegatingMethodAccessorImpl.java:43)
	at java.base/java.lang.reflect.Method.invoke(Method.java:567)
	at org.gradle.internal.dispatch.ReflectionDispatch.dispatch(ReflectionDispatch.java:36)
	at org.gradle.internal.dispatch.ReflectionDispatch.dispatch(ReflectionDispatch.java:24)
	at org.gradle.internal.dispatch.ContextClassLoaderDispatch.dispatch(ContextClassLoaderDispatch.java:33)
	at org.gradle.internal.dispatch.ProxyDispatchAdapter$DispatchingInvocationHandler.invoke(ProxyDispatchAdapter.java:94)
	at jdk.proxy1/jdk.proxy1.$Proxy2.processTestClass(Unknown Source)
	at org.gradle.api.internal.tasks.testing.worker.TestWorker.processTestClass(TestWorker.java:121)
	at java.base/jdk.internal.reflect.NativeMethodAccessorImpl.invoke0(Native Method)
	at java.base/jdk.internal.reflect.NativeMethodAccessorImpl.invoke(NativeMethodAccessorImpl.java:78)
	at java.base/jdk.internal.reflect.DelegatingMethodAccessorImpl.invoke(DelegatingMethodAccessorImpl.java:43)
	at java.base/java.lang.reflect.Method.invoke(Method.java:567)
	at org.gradle.internal.dispatch.ReflectionDispatch.dispatch(ReflectionDispatch.java:36)
	at org.gradle.internal.dispatch.ReflectionDispatch.dispatch(ReflectionDispatch.java:24)
	at org.gradle.internal.remote.internal.hub.MessageHubBackedObjectConnection$DispatchWrapper.dispatch(MessageHubBackedObjectConnection.java:182)
	at org.gradle.internal.remote.internal.hub.MessageHubBackedObjectConnection$DispatchWrapper.dispatch(MessageHubBackedObjectConnection.java:164)
	at org.gradle.internal.remote.internal.hub.MessageHub$Handler.run(MessageHub.java:414)
	at org.gradle.internal.concurrent.ExecutorPolicy$CatchAndRecordFailures.onExecute(ExecutorPolicy.java:64)
	at org.gradle.internal.concurrent.ManagedExecutorImpl$1.run(ManagedExecutorImpl.java:48)
	at java.base/java.util.concurrent.ThreadPoolExecutor.runWorker(ThreadPoolExecutor.java:1130)
	at java.base/java.util.concurrent.ThreadPoolExecutor$Worker.run(ThreadPoolExecutor.java:630)
	at org.gradle.internal.concurrent.ThreadFactoryImpl$ManagedThreadRunnable.run(ThreadFactoryImpl.java:56)
	at java.base/java.lang.Thread.run(Thread.java:831)
</failure>
  </testcase>
  <testcase name="TLSv1.1 : TLS_DHE_DSS_WITH_AES_128_CBC_SHA" classname="com.distrimind.bouncycastle.jsse.provider.test.CipherSuitesTestCase" time="0.005">
    <failure message="junit.framework.AssertionFailedError: Expected: &lt;null&gt; but was: java.lang.IllegalStateException: No usable protocols enabled" type="junit.framework.AssertionFailedError">junit.framework.AssertionFailedError: Expected: &lt;null&gt; but was: java.lang.IllegalStateException: No usable protocols enabled
	at junit.framework.Assert.fail(Assert.java:57)
	at junit.framework.Assert.assertTrue(Assert.java:22)
	at junit.framework.Assert.assertNull(Assert.java:277)
	at junit.framework.Assert.assertNull(Assert.java:268)
[...]
mai 27, 2021 4:26:10 PM com.distrimind.bouncycastle.jsse.provider.ProvTrustManagerFactorySpi getDefaultTrustStore
INFOS: Initializing with trust store at path: /usr/lib/jvm/java-16-openjdk-amd64/lib/security/cacerts
mai 27, 2021 4:26:10 PM com.distrimind.bouncycastle.jsse.provider.ProvTrustManagerFactorySpi getDefaultTrustStore
INFOS: Initializing with trust store at path: /usr/lib/jvm/java-16-openjdk-amd64/lib/security/cacerts
mai 27, 2021 4:26:10 PM com.distrimind.bouncycastle.jsse.provider.ProvTrustManagerFactorySpi getDefaultTrustStore
INFOS: Initializing with trust store at path: /usr/lib/jvm/java-16-openjdk-amd64/lib/security/cacerts
mai 27, 2021 4:26:10 PM com.distrimind.bouncycastle.jsse.provider.ProvTrustManagerFactorySpi getDefaultTrustStore
INFOS: Initializing with trust store at path: /usr/lib/jvm/java-16-openjdk-amd64/lib/security/cacerts
mai 27, 2021 4:26:10 PM com.distrimind.bouncycastle.jsse.provider.ProvTrustManagerFactorySpi getDefaultTrustStore
INFOS: Initializing with trust store at path: /usr/lib/jvm/java-16-openjdk-amd64/lib/security/cacerts
mai 27, 2021 4:26:10 PM com.distrimind.bouncycastle.jsse.provider.ProvTrustManagerFactorySpi getDefaultTrustStore
INFOS: Initializing with trust store at path: /usr/lib/jvm/java-16-openjdk-amd64/lib/security/cacerts
mai 27, 2021 4:26:10 PM com.distrimind.bouncycastle.jsse.provider.ProvTrustManagerFactorySpi getDefaultTrustStore
INFOS: Initializing with trust store at path: /usr/lib/jvm/java-16-openjdk-amd64/lib/security/cacerts
mai 27, 2021 4:26:10 PM com.distrimind.bouncycastle.jsse.provider.ProvTrustManagerFactorySpi getDefaultTrustStore
INFOS: Initializing with trust store at path: /usr/lib/jvm/java-16-openjdk-amd64/lib/security/cacerts
mai 27, 2021 4:26:10 PM com.distrimind.bouncycastle.jsse.provider.ProvTrustManagerFactorySpi getDefaultTrustStore
INFOS: Initializing with trust store at path: /usr/lib/jvm/java-16-openjdk-amd64/lib/security/cacerts
mai 27, 2021 4:26:10 PM com.distrimind.bouncycastle.jsse.provider.ProvTrustManagerFactorySpi getDefaultTrustStore
INFOS: Initializing with trust store at path: /usr/lib/jvm/java-16-openjdk-amd64/lib/security/cacerts
mai 27, 2021 4:26:10 PM com.distrimind.bouncycastle.jsse.provider.ProvTrustManagerFactorySpi getDefaultTrustStore
INFOS: Initializing with trust store at path: /usr/lib/jvm/java-16-openjdk-amd64/lib/security/cacerts
mai 27, 2021 4:26:10 PM com.distrimind.bouncycastle.jsse.provider.ProvTrustManagerFactorySpi getDefaultTrustStore
INFOS: Initializing with trust store at path: /usr/lib/jvm/java-16-openjdk-amd64/lib/security/cacerts
mai 27, 2021 4:26:10 PM com.distrimind.bouncycastle.jsse.provider.ProvTrustManagerFactorySpi getDefaultTrustStore
INFOS: Initializing with trust store at path: /usr/lib/jvm/java-16-openjdk-amd64/lib/security/cacerts
mai 27, 2021 4:26:10 PM com.distrimind.bouncycastle.jsse.provider.ProvTrustManagerFactorySpi getDefaultTrustStore
INFOS: Initializing with trust store at path: /usr/lib/jvm/java-16-openjdk-amd64/lib/security/cacerts
mai 27, 2021 4:26:10 PM com.distrimind.bouncycastle.jsse.provider.ProvTrustManagerFactorySpi getDefaultTrustStore
INFOS: Initializing with trust store at path: /usr/lib/jvm/java-16-openjdk-amd64/lib/security/cacerts
mai 27, 2021 4:26:10 PM com.distrimind.bouncycastle.jsse.provider.ProvTrustManagerFactorySpi getDefaultTrustStore
INFOS: Initializing with trust store at path: /usr/lib/jvm/java-16-openjdk-amd64/lib/security/cacerts
mai 27, 2021 4:26:10 PM com.distrimind.bouncycastle.jsse.provider.ProvTrustManagerFactorySpi getDefaultTrustStore
INFOS: Initializing with trust store at path: /usr/lib/jvm/java-16-openjdk-amd64/lib/security/cacerts
mai 27, 2021 4:26:10 PM com.distrimind.bouncycastle.jsse.provider.ProvTrustManagerFactorySpi getDefaultTrustStore
INFOS: Initializing with trust store at path: /usr/lib/jvm/java-16-openjdk-amd64/lib/security/cacerts
mai 27, 2021 4:26:10 PM com.distrimind.bouncycastle.jsse.provider.ProvTrustManagerFactorySpi getDefaultTrustStore
INFOS: Initializing with trust store at path: /usr/lib/jvm/java-16-openjdk-amd64/lib/security/cacerts
mai 27, 2021 4:26:10 PM com.distrimind.bouncycastle.jsse.provider.ProvTrustManagerFactorySpi getDefaultTrustStore
INFOS: Initializing with trust store at path: /usr/lib/jvm/java-16-openjdk-amd64/lib/security/cacerts
mai 27, 2021 4:26:10 PM com.distrimind.bouncycastle.jsse.provider.ProvTrustManagerFactorySpi getDefaultTrustStore
INFOS: Initializing with trust store at path: /usr/lib/jvm/java-16-openjdk-amd64/lib/security/cacerts
mai 27, 2021 4:26:10 PM com.distrimind.bouncycastle.jsse.provider.ProvTrustManagerFactorySpi getDefaultTrustStore
INFOS: Initializing with trust store at path: /usr/lib/jvm/java-16-openjdk-amd64/lib/security/cacerts
mai 27, 2021 4:26:10 PM com.distrimind.bouncycastle.jsse.provider.ProvTrustManagerFactorySpi getDefaultTrustStore
INFOS: Initializing with trust store at path: /usr/lib/jvm/java-16-openjdk-amd64/lib/security/cacerts
mai 27, 2021 4:26:10 PM com.distrimind.bouncycastle.jsse.provider.ProvTrustManagerFactorySpi getDefaultTrustStore
INFOS: Initializing with trust store at path: /usr/lib/jvm/java-16-openjdk-amd64/lib/security/cacerts
mai 27, 2021 4:26:10 PM com.distrimind.bouncycastle.jsse.provider.ProvTrustManagerFactorySpi getDefaultTrustStore
INFOS: Initializing with trust store at path: /usr/lib/jvm/java-16-openjdk-amd64/lib/security/cacerts
mai 27, 2021 4:26:10 PM com.distrimind.bouncycastle.jsse.provider.ProvTrustManagerFactorySpi getDefaultTrustStore
INFOS: Initializing with trust store at path: /usr/lib/jvm/java-16-openjdk-amd64/lib/security/cacerts
mai 27, 2021 4:26:10 PM com.distrimind.bouncycastle.jsse.provider.ProvTrustManagerFactorySpi getDefaultTrustStore
INFOS: Initializing with trust store at path: /usr/lib/jvm/java-16-openjdk-amd64/lib/security/cacerts
mai 27, 2021 4:26:10 PM com.distrimind.bouncycastle.jsse.provider.ProvTrustManagerFactorySpi getDefaultTrustStore
INFOS: Initializing with trust store at path: /usr/lib/jvm/java-16-openjdk-amd64/lib/security/cacerts
mai 27, 2021 4:26:10 PM com.distrimind.bouncycastle.jsse.provider.ProvTrustManagerFactorySpi getDefaultTrustStore
INFOS: Initializing with trust store at path: /usr/lib/jvm/java-16-openjdk-amd64/lib/security/cacerts
mai 27, 2021 4:26:10 PM com.distrimind.bouncycastle.jsse.provider.ProvTrustManagerFactorySpi getDefaultTrustStore
INFOS: Initializing with trust store at path: /usr/lib/jvm/java-16-openjdk-amd64/lib/security/cacerts
mai 27, 2021 4:26:10 PM com.distrimind.bouncycastle.jsse.provider.ProvTrustManagerFactorySpi getDefaultTrustStore
INFOS: Initializing with trust store at path: /usr/lib/jvm/java-16-openjdk-amd64/lib/security/cacerts
mai 27, 2021 4:26:10 PM com.distrimind.bouncycastle.jsse.provider.ProvTrustManagerFactorySpi getDefaultTrustStore
INFOS: Initializing with trust store at path: /usr/lib/jvm/java-16-openjdk-amd64/lib/security/cacerts
mai 27, 2021 4:26:10 PM com.distrimind.bouncycastle.jsse.provider.ProvTrustManagerFactorySpi getDefaultTrustStore
INFOS: Initializing with trust store at path: /usr/lib/jvm/java-16-openjdk-amd64/lib/security/cacerts
mai 27, 2021 4:26:10 PM com.distrimind.bouncycastle.jsse.provider.ProvTrustManagerFactorySpi getDefaultTrustStore
INFOS: Initializing with trust store at path: /usr/lib/jvm/java-16-openjdk-amd64/lib/security/cacerts
mai 27, 2021 4:26:10 PM com.distrimind.bouncycastle.jsse.provider.ProvTrustManagerFactorySpi getDefaultTrustStore
INFOS: Initializing with trust store at path: /usr/lib/jvm/java-16-openjdk-amd64/lib/security/cacerts
mai 27, 2021 4:26:10 PM com.distrimind.bouncycastle.jsse.provider.ProvTrustManagerFactorySpi getDefaultTrustStore
INFOS: Initializing with trust store at path: /usr/lib/jvm/java-16-openjdk-amd64/lib/security/cacerts
mai 27, 2021 4:26:10 PM com.distrimind.bouncycastle.jsse.provider.ProvTrustManagerFactorySpi getDefaultTrustStore
INFOS: Initializing with trust store at path: /usr/lib/jvm/java-16-openjdk-amd64/lib/security/cacerts
mai 27, 2021 4:26:10 PM com.distrimind.bouncycastle.jsse.provider.ProvTrustManagerFactorySpi getDefaultTrustStore
INFOS: Initializing with trust store at path: /usr/lib/jvm/java-16-openjdk-amd64/lib/security/cacerts
mai 27, 2021 4:26:11 PM com.distrimind.bouncycastle.jsse.provider.ProvTrustManagerFactorySpi getDefaultTrustStore
INFOS: Initializing with trust store at path: /usr/lib/jvm/java-16-openjdk-amd64/lib/security/cacerts
mai 27, 2021 4:26:11 PM com.distrimind.bouncycastle.jsse.provider.ProvTrustManagerFactorySpi getDefaultTrustStore
INFOS: Initializing with trust store at path: /usr/lib/jvm/java-16-openjdk-amd64/lib/security/cacerts
mai 27, 2021 4:26:11 PM com.distrimind.bouncycastle.jsse.provider.ProvTrustManagerFactorySpi getDefaultTrustStore
INFOS: Initializing with trust store at path: /usr/lib/jvm/java-16-openjdk-amd64/lib/security/cacerts
mai 27, 2021 4:26:11 PM com.distrimind.bouncycastle.jsse.provider.ProvTrustManagerFactorySpi getDefaultTrustStore
INFOS: Initializing with trust store at path: /usr/lib/jvm/java-16-openjdk-amd64/lib/security/cacerts
mai 27, 2021 4:26:11 PM com.distrimind.bouncycastle.jsse.provider.ProvTrustManagerFactorySpi getDefaultTrustStore
INFOS: Initializing with trust store at path: /usr/lib/jvm/java-16-openjdk-amd64/lib/security/cacerts
mai 27, 2021 4:26:11 PM com.distrimind.bouncycastle.jsse.provider.ProvTrustManagerFactorySpi getDefaultTrustStore
INFOS: Initializing with trust store at path: /usr/lib/jvm/java-16-openjdk-amd64/lib/security/cacerts
mai 27, 2021 4:26:11 PM com.distrimind.bouncycastle.jsse.provider.ProvTrustManagerFactorySpi getDefaultTrustStore
INFOS: Initializing with trust store at path: /usr/lib/jvm/java-16-openjdk-amd64/lib/security/cacerts
mai 27, 2021 4:26:11 PM com.distrimind.bouncycastle.jsse.provider.ProvTrustManagerFactorySpi getDefaultTrustStore
INFOS: Initializing with trust store at path: /usr/lib/jvm/java-16-openjdk-amd64/lib/security/cacerts
mai 27, 2021 4:26:11 PM com.distrimind.bouncycastle.jsse.provider.ProvTrustManagerFactorySpi getDefaultTrustStore
INFOS: Initializing with trust store at path: /usr/lib/jvm/java-16-openjdk-amd64/lib/security/cacerts
mai 27, 2021 4:26:11 PM com.distrimind.bouncycastle.jsse.provider.ProvTrustManagerFactorySpi getDefaultTrustStore
INFOS: Initializing with trust store at path: /usr/lib/jvm/java-16-openjdk-amd64/lib/security/cacerts
mai 27, 2021 4:26:11 PM com.distrimind.bouncycastle.jsse.provider.ProvTrustManagerFactorySpi getDefaultTrustStore
INFOS: Initializing with trust store at path: /usr/lib/jvm/java-16-openjdk-amd64/lib/security/cacerts
mai 27, 2021 4:26:11 PM com.distrimind.bouncycastle.jsse.provider.ProvTrustManagerFactorySpi getDefaultTrustStore
INFOS: Initializing with trust store at path: /usr/lib/jvm/java-16-openjdk-amd64/lib/security/cacerts
mai 27, 2021 4:26:11 PM com.distrimind.bouncycastle.jsse.provider.ProvTrustManagerFactorySpi getDefaultTrustStore
INFOS: Initializing with trust store at path: /usr/lib/jvm/java-16-openjdk-amd64/lib/security/cacerts
mai 27, 2021 4:26:11 PM com.distrimind.bouncycastle.jsse.provider.ProvTrustManagerFactorySpi getDefaultTrustStore
INFOS: Initializing with trust store at path: /usr/lib/jvm/java-16-openjdk-amd64/lib/security/cacerts
mai 27, 2021 4:26:11 PM com.distrimind.bouncycastle.jsse.provider.ProvTrustManagerFactorySpi getDefaultTrustStore
INFOS: Initializing with trust store at path: /usr/lib/jvm/java-16-openjdk-amd64/lib/security/cacerts
mai 27, 2021 4:26:11 PM com.distrimind.bouncycastle.jsse.provider.ProvTrustManagerFactorySpi getDefaultTrustStore
INFOS: Initializing with trust store at path: /usr/lib/jvm/java-16-openjdk-amd64/lib/security/cacerts
mai 27, 2021 4:26:11 PM com.distrimind.bouncycastle.jsse.provider.ProvTrustManagerFactorySpi getDefaultTrustStore
INFOS: Initializing with trust store at path: /usr/lib/jvm/java-16-openjdk-amd64/lib/security/cacerts
mai 27, 2021 4:26:11 PM com.distrimind.bouncycastle.jsse.provider.ProvTrustManagerFactorySpi getDefaultTrustStore
INFOS: Initializing with trust store at path: /usr/lib/jvm/java-16-openjdk-amd64/lib/security/cacerts
mai 27, 2021 4:26:11 PM com.distrimind.bouncycastle.jsse.provider.ProvTrustManagerFactorySpi getDefaultTrustStore
INFOS: Initializing with trust store at path: /usr/lib/jvm/java-16-openjdk-amd64/lib/security/cacerts
mai 27, 2021 4:26:11 PM com.distrimind.bouncycastle.jsse.provider.ProvTrustManagerFactorySpi getDefaultTrustStore
INFOS: Initializing with trust store at path: /usr/lib/jvm/java-16-openjdk-amd64/lib/security/cacerts
mai 27, 2021 4:26:11 PM com.distrimind.bouncycastle.jsse.provider.ProvTrustManagerFactorySpi getDefaultTrustStore
INFOS: Initializing with trust store at path: /usr/lib/jvm/java-16-openjdk-amd64/lib/security/cacerts
mai 27, 2021 4:26:11 PM com.distrimind.bouncycastle.jsse.provider.ProvTrustManagerFactorySpi getDefaultTrustStore
INFOS: Initializing with trust store at path: /usr/lib/jvm/java-16-openjdk-amd64/lib/security/cacerts
mai 27, 2021 4:26:11 PM com.distrimind.bouncycastle.jsse.provider.ProvTrustManagerFactorySpi getDefaultTrustStore
INFOS: Initializing with trust store at path: /usr/lib/jvm/java-16-openjdk-amd64/lib/security/cacerts
mai 27, 2021 4:26:11 PM com.distrimind.bouncycastle.jsse.provider.ProvTrustManagerFactorySpi getDefaultTrustStore
INFOS: Initializing with trust store at path: /usr/lib/jvm/java-16-openjdk-amd64/lib/security/cacerts
mai 27, 2021 4:26:11 PM com.distrimind.bouncycastle.jsse.provider.ProvTrustManagerFactorySpi getDefaultTrustStore
INFOS: Initializing with trust store at path: /usr/lib/jvm/java-16-openjdk-amd64/lib/security/cacerts
mai 27, 2021 4:26:11 PM com.distrimind.bouncycastle.jsse.provider.ProvTrustManagerFactorySpi getDefaultTrustStore
INFOS: Initializing with trust store at path: /usr/lib/jvm/java-16-openjdk-amd64/lib/security/cacerts
mai 27, 2021 4:26:11 PM com.distrimind.bouncycastle.jsse.provider.ProvTrustManagerFactorySpi getDefaultTrustStore
INFOS: Initializing with trust store at path: /usr/lib/jvm/java-16-openjdk-amd64/lib/security/cacerts
mai 27, 2021 4:26:11 PM com.distrimind.bouncycastle.jsse.provider.ProvTrustManagerFactorySpi getDefaultTrustStore
INFOS: Initializing with trust store at path: /usr/lib/jvm/java-16-openjdk-amd64/lib/security/cacerts
mai 27, 2021 4:26:11 PM com.distrimind.bouncycastle.jsse.provider.ProvTrustManagerFactorySpi getDefaultTrustStore
INFOS: Initializing with trust store at path: /usr/lib/jvm/java-16-openjdk-amd64/lib/security/cacerts
mai 27, 2021 4:26:11 PM com.distrimind.bouncycastle.jsse.provider.ProvTrustManagerFactorySpi getDefaultTrustStore
INFOS: Initializing with trust store at path: /usr/lib/jvm/java-16-openjdk-amd64/lib/security/cacerts
mai 27, 2021 4:26:11 PM com.distrimind.bouncycastle.jsse.provider.ProvTrustManagerFactorySpi getDefaultTrustStore
INFOS: Initializing with trust store at path: /usr/lib/jvm/java-16-openjdk-amd64/lib/security/cacerts
mai 27, 2021 4:26:11 PM com.distrimind.bouncycastle.jsse.provider.ProvTrustManagerFactorySpi getDefaultTrustStore
INFOS: Initializing with trust store at path: /usr/lib/jvm/java-16-openjdk-amd64/lib/security/cacerts
mai 27, 2021 4:26:11 PM com.distrimind.bouncycastle.jsse.provider.ProvTrustManagerFactorySpi getDefaultTrustStore
INFOS: Initializing with trust store at path: /usr/lib/jvm/java-16-openjdk-amd64/lib/security/cacerts
mai 27, 2021 4:26:11 PM com.distrimind.bouncycastle.jsse.provider.ProvTrustManagerFactorySpi getDefaultTrustStore
INFOS: Initializing with trust store at path: /usr/lib/jvm/java-16-openjdk-amd64/lib/security/cacerts
mai 27, 2021 4:26:11 PM com.distrimind.bouncycastle.jsse.provider.ProvTrustManagerFactorySpi getDefaultTrustStore
INFOS: Initializing with trust store at path: /usr/lib/jvm/java-16-openjdk-amd64/lib/security/cacerts
mai 27, 2021 4:26:11 PM com.distrimind.bouncycastle.jsse.provider.ProvTrustManagerFactorySpi getDefaultTrustStore
INFOS: Initializing with trust store at path: /usr/lib/jvm/java-16-openjdk-amd64/lib/security/cacerts
mai 27, 2021 4:26:11 PM com.distrimind.bouncycastle.jsse.provider.ProvTrustManagerFactorySpi getDefaultTrustStore
INFOS: Initializing with trust store at path: /usr/lib/jvm/java-16-openjdk-amd64/lib/security/cacerts
mai 27, 2021 4:26:11 PM com.distrimind.bouncycastle.jsse.provider.ProvTrustManagerFactorySpi getDefaultTrustStore
INFOS: Initializing with trust store at path: /usr/lib/jvm/java-16-openjdk-amd64/lib/security/cacerts
mai 27, 2021 4:26:11 PM com.distrimind.bouncycastle.jsse.provider.ProvTrustManagerFactorySpi getDefaultTrustStore
INFOS: Initializing with trust store at path: /usr/lib/jvm/java-16-openjdk-amd64/lib/security/cacerts
mai 27, 2021 4:26:11 PM com.distrimind.bouncycastle.jsse.provider.ProvTrustManagerFactorySpi getDefaultTrustStore
INFOS: Initializing with trust store at path: /usr/lib/jvm/java-16-openjdk-amd64/lib/security/cacerts
mai 27, 2021 4:26:11 PM com.distrimind.bouncycastle.jsse.provider.ProvTrustManagerFactorySpi getDefaultTrustStore
INFOS: Initializing with trust store at path: /usr/lib/jvm/java-16-openjdk-amd64/lib/security/cacerts
mai 27, 2021 4:26:11 PM com.distrimind.bouncycastle.jsse.provider.ProvTrustManagerFactorySpi getDefaultTrustStore
INFOS: Initializing with trust store at path: /usr/lib/jvm/java-16-openjdk-amd64/lib/security/cacerts
mai 27, 2021 4:26:11 PM com.distrimind.bouncycastle.jsse.provider.ProvTrustManagerFactorySpi getDefaultTrustStore
INFOS: Initializing with trust store at path: /usr/lib/jvm/java-16-openjdk-amd64/lib/security/cacerts
mai 27, 2021 4:26:11 PM com.distrimind.bouncycastle.jsse.provider.ProvTrustManagerFactorySpi getDefaultTrustStore
INFOS: Initializing with trust store at path: /usr/lib/jvm/java-16-openjdk-amd64/lib/security/cacerts
mai 27, 2021 4:26:11 PM com.distrimind.bouncycastle.jsse.provider.ProvTrustManagerFactorySpi getDefaultTrustStore
INFOS: Initializing with trust store at path: /usr/lib/jvm/java-16-openjdk-amd64/lib/security/cacerts
mai 27, 2021 4:26:11 PM com.distrimind.bouncycastle.jsse.provider.ProvTrustManagerFactorySpi getDefaultTrustStore
INFOS: Initializing with trust store at path: /usr/lib/jvm/java-16-openjdk-amd64/lib/security/cacerts
mai 27, 2021 4:26:11 PM com.distrimind.bouncycastle.jsse.provider.ProvTrustManagerFactorySpi getDefaultTrustStore
INFOS: Initializing with trust store at path: /usr/lib/jvm/java-16-openjdk-amd64/lib/security/cacerts
mai 27, 2021 4:26:11 PM com.distrimind.bouncycastle.jsse.provider.ProvTrustManagerFactorySpi getDefaultTrustStore
INFOS: Initializing with trust store at path: /usr/lib/jvm/java-16-openjdk-amd64/lib/security/cacerts
mai 27, 2021 4:26:11 PM com.distrimind.bouncycastle.jsse.provider.ProvTrustManagerFactorySpi getDefaultTrustStore
INFOS: Initializing with trust store at path: /usr/lib/jvm/java-16-openjdk-amd64/lib/security/cacerts
mai 27, 2021 4:26:11 PM com.distrimind.bouncycastle.jsse.provider.ProvTrustManagerFactorySpi getDefaultTrustStore
INFOS: Initializing with trust store at path: /usr/lib/jvm/java-16-openjdk-amd64/lib/security/cacerts
mai 27, 2021 4:26:11 PM com.distrimind.bouncycastle.jsse.provider.ProvTrustManagerFactorySpi getDefaultTrustStore
INFOS: Initializing with trust store at path: /usr/lib/jvm/java-16-openjdk-amd64/lib/security/cacerts
mai 27, 2021 4:26:11 PM com.distrimind.bouncycastle.jsse.provider.ProvTrustManagerFactorySpi getDefaultTrustStore
INFOS: Initializing with trust store at path: /usr/lib/jvm/java-16-openjdk-amd64/lib/security/cacerts
mai 27, 2021 4:26:11 PM com.distrimind.bouncycastle.jsse.provider.ProvTrustManagerFactorySpi getDefaultTrustStore
INFOS: Initializing with trust store at path: /usr/lib/jvm/java-16-openjdk-amd64/lib/security/cacerts
mai 27, 2021 4:26:11 PM com.distrimind.bouncycastle.jsse.provider.ProvTrustManagerFactorySpi getDefaultTrustStore
INFOS: Initializing with trust store at path: /usr/lib/jvm/java-16-openjdk-amd64/lib/security/cacerts
]]></system-err>
</testsuite>
