<?xml version="1.0" encoding="UTF-8"?>
<testsuite name="com.distrimind.bouncycastle.jsse.provider.test.EdDSACredentialsTest" tests="4" skipped="0" failures="4" errors="0" timestamp="2021-11-01T15:51:09" hostname="basic" time="0.081">
  <properties/>
  <testcase name="test12_Ed25519" classname="com.distrimind.bouncycastle.jsse.provider.test.EdDSACredentialsTest" time="0.026">
    <failure message="junit.framework.AssertionFailedError: Expected: &lt;null&gt; but was: junit.framework.AssertionFailedError" type="junit.framework.AssertionFailedError">junit.framework.AssertionFailedError: Expected: &lt;null&gt; but was: junit.framework.AssertionFailedError
	at junit.framework.Assert.fail(Assert.java:57)
	at junit.framework.Assert.assertTrue(Assert.java:22)
	at junit.framework.Assert.assertNull(Assert.java:277)
	at junit.framework.Assert.assertNull(Assert.java:268)
	at junit.framework.TestCase.assertNull(TestCase.java:410)
	at com.distrimind.bouncycastle.jsse.provider.test.TestProtocolUtil.runClientAndServer(TestProtocolUtil.java:68)
	at com.distrimind.bouncycastle.jsse.provider.test.EdDSACredentialsTest.implTestEdDSACredentials(EdDSACredentialsTest.java:211)
	at com.distrimind.bouncycastle.jsse.provider.test.EdDSACredentialsTest.test12_Ed25519(EdDSACredentialsTest.java:181)
	at java.base/jdk.internal.reflect.NativeMethodAccessorImpl.invoke0(Native Method)
	at java.base/jdk.internal.reflect.NativeMethodAccessorImpl.invoke(NativeMethodAccessorImpl.java:78)
	at java.base/jdk.internal.reflect.DelegatingMethodAccessorImpl.invoke(DelegatingMethodAccessorImpl.java:43)
	at java.base/java.lang.reflect.Method.invoke(Method.java:567)
	at junit.framework.TestCase.runTest(TestCase.java:177)
	at junit.framework.TestCase.runBare(TestCase.java:142)
	at junit.framework.TestResult$1.protect(TestResult.java:122)
	at junit.framework.TestResult.runProtected(TestResult.java:142)
	at junit.framework.TestResult.run(TestResult.java:125)
	at junit.framework.TestCase.run(TestCase.java:130)
	at junit.framework.TestSuite.runTest(TestSuite.java:241)
	at junit.framework.TestSuite.run(TestSuite.java:236)
	at junit.framework.TestSuite.runTest(TestSuite.java:241)
	at junit.framework.TestSuite.run(TestSuite.java:236)
	at junit.extensions.TestDecorator.basicRun(TestDecorator.java:24)
	at junit.extensions.TestSetup$1.protect(TestSetup.java:23)
	at junit.framework.TestResult.runProtected(TestResult.java:142)
	at junit.extensions.TestSetup.run(TestSetup.java:27)
	at org.junit.internal.runners.JUnit38ClassRunner.run(JUnit38ClassRunner.java:90)
	at org.gradle.api.internal.tasks.testing.junit.JUnitTestClassExecutor.runTestClass(JUnitTestClassExecutor.java:110)
	at org.gradle.api.internal.tasks.testing.junit.JUnitTestClassExecutor.execute(JUnitTestClassExecutor.java:58)
	at org.gradle.api.internal.tasks.testing.junit.JUnitTestClassExecutor.execute(JUnitTestClassExecutor.java:38)
	at org.gradle.api.internal.tasks.testing.junit.AbstractJUnitTestClassProcessor.processTestClass(AbstractJUnitTestClassProcessor.java:62)
	at org.gradle.api.internal.tasks.testing.SuiteTestClassProcessor.processTestClass(SuiteTestClassProcessor.java:51)
	at java.base/jdk.internal.reflect.NativeMethodAccessorImpl.invoke0(Native Method)
	at java.base/jdk.internal.reflect.NativeMethodAccessorImpl.invoke(NativeMethodAccessorImpl.java:78)
	at java.base/jdk.internal.reflect.DelegatingMethodAccessorImpl.invoke(DelegatingMethodAccessorImpl.java:43)
	at java.base/java.lang.reflect.Method.invoke(Method.java:567)
	at org.gradle.internal.dispatch.ReflectionDispatch.dispatch(ReflectionDispatch.java:36)
	at org.gradle.internal.dispatch.ReflectionDispatch.dispatch(ReflectionDispatch.java:24)
	at org.gradle.internal.dispatch.ContextClassLoaderDispatch.dispatch(ContextClassLoaderDispatch.java:33)
	at org.gradle.internal.dispatch.ProxyDispatchAdapter$DispatchingInvocationHandler.invoke(ProxyDispatchAdapter.java:94)
	at jdk.proxy1/jdk.proxy1.$Proxy2.processTestClass(Unknown Source)
	at org.gradle.api.internal.tasks.testing.worker.TestWorker$2.run(TestWorker.java:176)
	at org.gradle.api.internal.tasks.testing.worker.TestWorker.executeAndMaintainThreadName(TestWorker.java:129)
	at org.gradle.api.internal.tasks.testing.worker.TestWorker.execute(TestWorker.java:100)
	at org.gradle.api.internal.tasks.testing.worker.TestWorker.execute(TestWorker.java:60)
	at org.gradle.process.internal.worker.child.ActionExecutionWorker.execute(ActionExecutionWorker.java:56)
	at org.gradle.process.internal.worker.child.SystemApplicationClassLoaderWorker.call(SystemApplicationClassLoaderWorker.java:133)
	at org.gradle.process.internal.worker.child.SystemApplicationClassLoaderWorker.call(SystemApplicationClassLoaderWorker.java:71)
	at worker.org.gradle.process.internal.worker.GradleWorkerMain.run(GradleWorkerMain.java:69)
	at worker.org.gradle.process.internal.worker.GradleWorkerMain.main(GradleWorkerMain.java:74)
</failure>
  </testcase>
  <testcase name="test12_Ed448" classname="com.distrimind.bouncycastle.jsse.provider.test.EdDSACredentialsTest" time="0.023">
    <failure message="junit.framework.AssertionFailedError: Expected: &lt;null&gt; but was: junit.framework.AssertionFailedError" type="junit.framework.AssertionFailedError">junit.framework.AssertionFailedError: Expected: &lt;null&gt; but was: junit.framework.AssertionFailedError
	at junit.framework.Assert.fail(Assert.java:57)
	at junit.framework.Assert.assertTrue(Assert.java:22)
	at junit.framework.Assert.assertNull(Assert.java:277)
	at junit.framework.Assert.assertNull(Assert.java:268)
	at junit.framework.TestCase.assertNull(TestCase.java:410)
	at com.distrimind.bouncycastle.jsse.provider.test.TestProtocolUtil.runClientAndServer(TestProtocolUtil.java:68)
	at com.distrimind.bouncycastle.jsse.provider.test.EdDSACredentialsTest.implTestEdDSACredentials(EdDSACredentialsTest.java:211)
	at com.distrimind.bouncycastle.jsse.provider.test.EdDSACredentialsTest.test12_Ed448(EdDSACredentialsTest.java:186)
	at java.base/jdk.internal.reflect.NativeMethodAccessorImpl.invoke0(Native Method)
	at java.base/jdk.internal.reflect.NativeMethodAccessorImpl.invoke(NativeMethodAccessorImpl.java:78)
	at java.base/jdk.internal.reflect.DelegatingMethodAccessorImpl.invoke(DelegatingMethodAccessorImpl.java:43)
	at java.base/java.lang.reflect.Method.invoke(Method.java:567)
	at junit.framework.TestCase.runTest(TestCase.java:177)
	at junit.framework.TestCase.runBare(TestCase.java:142)
	at junit.framework.TestResult$1.protect(TestResult.java:122)
	at junit.framework.TestResult.runProtected(TestResult.java:142)
	at junit.framework.TestResult.run(TestResult.java:125)
	at junit.framework.TestCase.run(TestCase.java:130)
	at junit.framework.TestSuite.runTest(TestSuite.java:241)
	at junit.framework.TestSuite.run(TestSuite.java:236)
	at junit.framework.TestSuite.runTest(TestSuite.java:241)
	at junit.framework.TestSuite.run(TestSuite.java:236)
	at junit.extensions.TestDecorator.basicRun(TestDecorator.java:24)
	at junit.extensions.TestSetup$1.protect(TestSetup.java:23)
	at junit.framework.TestResult.runProtected(TestResult.java:142)
	at junit.extensions.TestSetup.run(TestSetup.java:27)
	at org.junit.internal.runners.JUnit38ClassRunner.run(JUnit38ClassRunner.java:90)
	at org.gradle.api.internal.tasks.testing.junit.JUnitTestClassExecutor.runTestClass(JUnitTestClassExecutor.java:110)
	at org.gradle.api.internal.tasks.testing.junit.JUnitTestClassExecutor.execute(JUnitTestClassExecutor.java:58)
	at org.gradle.api.internal.tasks.testing.junit.JUnitTestClassExecutor.execute(JUnitTestClassExecutor.java:38)
	at org.gradle.api.internal.tasks.testing.junit.AbstractJUnitTestClassProcessor.processTestClass(AbstractJUnitTestClassProcessor.java:62)
	at org.gradle.api.internal.tasks.testing.SuiteTestClassProcessor.processTestClass(SuiteTestClassProcessor.java:51)
	at java.base/jdk.internal.reflect.NativeMethodAccessorImpl.invoke0(Native Method)
	at java.base/jdk.internal.reflect.NativeMethodAccessorImpl.invoke(NativeMethodAccessorImpl.java:78)
	at java.base/jdk.internal.reflect.DelegatingMethodAccessorImpl.invoke(DelegatingMethodAccessorImpl.java:43)
	at java.base/java.lang.reflect.Method.invoke(Method.java:567)
	at org.gradle.internal.dispatch.ReflectionDispatch.dispatch(ReflectionDispatch.java:36)
	at org.gradle.internal.dispatch.ReflectionDispatch.dispatch(ReflectionDispatch.java:24)
	at org.gradle.internal.dispatch.ContextClassLoaderDispatch.dispatch(ContextClassLoaderDispatch.java:33)
	at org.gradle.internal.dispatch.ProxyDispatchAdapter$DispatchingInvocationHandler.invoke(ProxyDispatchAdapter.java:94)
	at jdk.proxy1/jdk.proxy1.$Proxy2.processTestClass(Unknown Source)
	at org.gradle.api.internal.tasks.testing.worker.TestWorker$2.run(TestWorker.java:176)
	at org.gradle.api.internal.tasks.testing.worker.TestWorker.executeAndMaintainThreadName(TestWorker.java:129)
	at org.gradle.api.internal.tasks.testing.worker.TestWorker.execute(TestWorker.java:100)
	at org.gradle.api.internal.tasks.testing.worker.TestWorker.execute(TestWorker.java:60)
	at org.gradle.process.internal.worker.child.ActionExecutionWorker.execute(ActionExecutionWorker.java:56)
	at org.gradle.process.internal.worker.child.SystemApplicationClassLoaderWorker.call(SystemApplicationClassLoaderWorker.java:133)
	at org.gradle.process.internal.worker.child.SystemApplicationClassLoaderWorker.call(SystemApplicationClassLoaderWorker.java:71)
	at worker.org.gradle.process.internal.worker.GradleWorkerMain.run(GradleWorkerMain.java:69)
	at worker.org.gradle.process.internal.worker.GradleWorkerMain.main(GradleWorkerMain.java:74)
</failure>
  </testcase>
  <testcase name="test13_Ed25519" classname="com.distrimind.bouncycastle.jsse.provider.test.EdDSACredentialsTest" time="0.016">
    <failure message="junit.framework.AssertionFailedError: Expected: &lt;null&gt; but was: junit.framework.AssertionFailedError" type="junit.framework.AssertionFailedError">junit.framework.AssertionFailedError: Expected: &lt;null&gt; but was: junit.framework.AssertionFailedError
	at junit.framework.Assert.fail(Assert.java:57)
	at junit.framework.Assert.assertTrue(Assert.java:22)
	at junit.framework.Assert.assertNull(Assert.java:277)
	at junit.framework.Assert.assertNull(Assert.java:268)
	at junit.framework.TestCase.assertNull(TestCase.java:410)
	at com.distrimind.bouncycastle.jsse.provider.test.TestProtocolUtil.runClientAndServer(TestProtocolUtil.java:68)
	at com.distrimind.bouncycastle.jsse.provider.test.EdDSACredentialsTest.implTestEdDSACredentials(EdDSACredentialsTest.java:211)
	at com.distrimind.bouncycastle.jsse.provider.test.EdDSACredentialsTest.test13_Ed25519(EdDSACredentialsTest.java:191)
	at java.base/jdk.internal.reflect.NativeMethodAccessorImpl.invoke0(Native Method)
	at java.base/jdk.internal.reflect.NativeMethodAccessorImpl.invoke(NativeMethodAccessorImpl.java:78)
	at java.base/jdk.internal.reflect.DelegatingMethodAccessorImpl.invoke(DelegatingMethodAccessorImpl.java:43)
	at java.base/java.lang.reflect.Method.invoke(Method.java:567)
	at junit.framework.TestCase.runTest(TestCase.java:177)
	at junit.framework.TestCase.runBare(TestCase.java:142)
	at junit.framework.TestResult$1.protect(TestResult.java:122)
	at junit.framework.TestResult.runProtected(TestResult.java:142)
	at junit.framework.TestResult.run(TestResult.java:125)
	at junit.framework.TestCase.run(TestCase.java:130)
	at junit.framework.TestSuite.runTest(TestSuite.java:241)
	at junit.framework.TestSuite.run(TestSuite.java:236)
	at junit.framework.TestSuite.runTest(TestSuite.java:241)
	at junit.framework.TestSuite.run(TestSuite.java:236)
	at junit.extensions.TestDecorator.basicRun(TestDecorator.java:24)
	at junit.extensions.TestSetup$1.protect(TestSetup.java:23)
	at junit.framework.TestResult.runProtected(TestResult.java:142)
	at junit.extensions.TestSetup.run(TestSetup.java:27)
	at org.junit.internal.runners.JUnit38ClassRunner.run(JUnit38ClassRunner.java:90)
	at org.gradle.api.internal.tasks.testing.junit.JUnitTestClassExecutor.runTestClass(JUnitTestClassExecutor.java:110)
	at org.gradle.api.internal.tasks.testing.junit.JUnitTestClassExecutor.execute(JUnitTestClassExecutor.java:58)
	at org.gradle.api.internal.tasks.testing.junit.JUnitTestClassExecutor.execute(JUnitTestClassExecutor.java:38)
	at org.gradle.api.internal.tasks.testing.junit.AbstractJUnitTestClassProcessor.processTestClass(AbstractJUnitTestClassProcessor.java:62)
	at org.gradle.api.internal.tasks.testing.SuiteTestClassProcessor.processTestClass(SuiteTestClassProcessor.java:51)
	at java.base/jdk.internal.reflect.NativeMethodAccessorImpl.invoke0(Native Method)
	at java.base/jdk.internal.reflect.NativeMethodAccessorImpl.invoke(NativeMethodAccessorImpl.java:78)
	at java.base/jdk.internal.reflect.DelegatingMethodAccessorImpl.invoke(DelegatingMethodAccessorImpl.java:43)
	at java.base/java.lang.reflect.Method.invoke(Method.java:567)
	at org.gradle.internal.dispatch.ReflectionDispatch.dispatch(ReflectionDispatch.java:36)
	at org.gradle.internal.dispatch.ReflectionDispatch.dispatch(ReflectionDispatch.java:24)
	at org.gradle.internal.dispatch.ContextClassLoaderDispatch.dispatch(ContextClassLoaderDispatch.java:33)
	at org.gradle.internal.dispatch.ProxyDispatchAdapter$DispatchingInvocationHandler.invoke(ProxyDispatchAdapter.java:94)
	at jdk.proxy1/jdk.proxy1.$Proxy2.processTestClass(Unknown Source)
	at org.gradle.api.internal.tasks.testing.worker.TestWorker$2.run(TestWorker.java:176)
	at org.gradle.api.internal.tasks.testing.worker.TestWorker.executeAndMaintainThreadName(TestWorker.java:129)
	at org.gradle.api.internal.tasks.testing.worker.TestWorker.execute(TestWorker.java:100)
	at org.gradle.api.internal.tasks.testing.worker.TestWorker.execute(TestWorker.java:60)
	at org.gradle.process.internal.worker.child.ActionExecutionWorker.execute(ActionExecutionWorker.java:56)
	at org.gradle.process.internal.worker.child.SystemApplicationClassLoaderWorker.call(SystemApplicationClassLoaderWorker.java:133)
	at org.gradle.process.internal.worker.child.SystemApplicationClassLoaderWorker.call(SystemApplicationClassLoaderWorker.java:71)
	at worker.org.gradle.process.internal.worker.GradleWorkerMain.run(GradleWorkerMain.java:69)
	at worker.org.gradle.process.internal.worker.GradleWorkerMain.main(GradleWorkerMain.java:74)
</failure>
  </testcase>
  <testcase name="test13_Ed448" classname="com.distrimind.bouncycastle.jsse.provider.test.EdDSACredentialsTest" time="0.015">
    <failure message="junit.framework.AssertionFailedError: Expected: &lt;null&gt; but was: junit.framework.AssertionFailedError" type="junit.framework.AssertionFailedError">junit.framework.AssertionFailedError: Expected: &lt;null&gt; but was: junit.framework.AssertionFailedError
	at junit.framework.Assert.fail(Assert.java:57)
	at junit.framework.Assert.assertTrue(Assert.java:22)
	at junit.framework.Assert.assertNull(Assert.java:277)
	at junit.framework.Assert.assertNull(Assert.java:268)
	at junit.framework.TestCase.assertNull(TestCase.java:410)
	at com.distrimind.bouncycastle.jsse.provider.test.TestProtocolUtil.runClientAndServer(TestProtocolUtil.java:68)
	at com.distrimind.bouncycastle.jsse.provider.test.EdDSACredentialsTest.implTestEdDSACredentials(EdDSACredentialsTest.java:211)
	at com.distrimind.bouncycastle.jsse.provider.test.EdDSACredentialsTest.test13_Ed448(EdDSACredentialsTest.java:196)
	at java.base/jdk.internal.reflect.NativeMethodAccessorImpl.invoke0(Native Method)
	at java.base/jdk.internal.reflect.NativeMethodAccessorImpl.invoke(NativeMethodAccessorImpl.java:78)
	at java.base/jdk.internal.reflect.DelegatingMethodAccessorImpl.invoke(DelegatingMethodAccessorImpl.java:43)
	at java.base/java.lang.reflect.Method.invoke(Method.java:567)
	at junit.framework.TestCase.runTest(TestCase.java:177)
	at junit.framework.TestCase.runBare(TestCase.java:142)
	at junit.framework.TestResult$1.protect(TestResult.java:122)
	at junit.framework.TestResult.runProtected(TestResult.java:142)
	at junit.framework.TestResult.run(TestResult.java:125)
	at junit.framework.TestCase.run(TestCase.java:130)
	at junit.framework.TestSuite.runTest(TestSuite.java:241)
	at junit.framework.TestSuite.run(TestSuite.java:236)
	at junit.framework.TestSuite.runTest(TestSuite.java:241)
	at junit.framework.TestSuite.run(TestSuite.java:236)
	at junit.extensions.TestDecorator.basicRun(TestDecorator.java:24)
	at junit.extensions.TestSetup$1.protect(TestSetup.java:23)
	at junit.framework.TestResult.runProtected(TestResult.java:142)
	at junit.extensions.TestSetup.run(TestSetup.java:27)
	at org.junit.internal.runners.JUnit38ClassRunner.run(JUnit38ClassRunner.java:90)
	at org.gradle.api.internal.tasks.testing.junit.JUnitTestClassExecutor.runTestClass(JUnitTestClassExecutor.java:110)
	at org.gradle.api.internal.tasks.testing.junit.JUnitTestClassExecutor.execute(JUnitTestClassExecutor.java:58)
	at org.gradle.api.internal.tasks.testing.junit.JUnitTestClassExecutor.execute(JUnitTestClassExecutor.java:38)
	at org.gradle.api.internal.tasks.testing.junit.AbstractJUnitTestClassProcessor.processTestClass(AbstractJUnitTestClassProcessor.java:62)
	at org.gradle.api.internal.tasks.testing.SuiteTestClassProcessor.processTestClass(SuiteTestClassProcessor.java:51)
	at java.base/jdk.internal.reflect.NativeMethodAccessorImpl.invoke0(Native Method)
	at java.base/jdk.internal.reflect.NativeMethodAccessorImpl.invoke(NativeMethodAccessorImpl.java:78)
	at java.base/jdk.internal.reflect.DelegatingMethodAccessorImpl.invoke(DelegatingMethodAccessorImpl.java:43)
	at java.base/java.lang.reflect.Method.invoke(Method.java:567)
	at org.gradle.internal.dispatch.ReflectionDispatch.dispatch(ReflectionDispatch.java:36)
	at org.gradle.internal.dispatch.ReflectionDispatch.dispatch(ReflectionDispatch.java:24)
	at org.gradle.internal.dispatch.ContextClassLoaderDispatch.dispatch(ContextClassLoaderDispatch.java:33)
	at org.gradle.internal.dispatch.ProxyDispatchAdapter$DispatchingInvocationHandler.invoke(ProxyDispatchAdapter.java:94)
	at jdk.proxy1/jdk.proxy1.$Proxy2.processTestClass(Unknown Source)
	at org.gradle.api.internal.tasks.testing.worker.TestWorker$2.run(TestWorker.java:176)
	at org.gradle.api.internal.tasks.testing.worker.TestWorker.executeAndMaintainThreadName(TestWorker.java:129)
	at org.gradle.api.internal.tasks.testing.worker.TestWorker.execute(TestWorker.java:100)
	at org.gradle.api.internal.tasks.testing.worker.TestWorker.execute(TestWorker.java:60)
	at org.gradle.process.internal.worker.child.ActionExecutionWorker.execute(ActionExecutionWorker.java:56)
	at org.gradle.process.internal.worker.child.SystemApplicationClassLoaderWorker.call(SystemApplicationClassLoaderWorker.java:133)
	at org.gradle.process.internal.worker.child.SystemApplicationClassLoaderWorker.call(SystemApplicationClassLoaderWorker.java:71)
	at worker.org.gradle.process.internal.worker.GradleWorkerMain.run(GradleWorkerMain.java:69)
	at worker.org.gradle.process.internal.worker.GradleWorkerMain.main(GradleWorkerMain.java:74)
</failure>
  </testcase>
  <system-out><![CDATA[]]></system-out>
  <system-err><![CDATA[nov. 01, 2021 4:51:09 PM com.distrimind.bouncycastle.jsse.provider.ProvTlsClient notifyAlertRaised
INFO: Client raised fatal(2) certificate_unknown(46) alert: Failed to read record
com.distrimind.bouncycastle.tls.TlsFatalAlert: certificate_unknown(46)
	at com.distrimind.bouncycastle.tls.crypto.impl.jcajce.JcaTlsCertificate.getPubKeyEd25519(JcaTlsCertificate.java:277)
	at com.distrimind.bouncycastle.tls.crypto.impl.jcajce.JcaTlsCertificate.createVerifier(JcaTlsCertificate.java:162)
	at com.distrimind.bouncycastle.tls.crypto.impl.jcajce.JcaTlsCertificate.createVerifier(JcaTlsCertificate.java:124)
	at com.distrimind.bouncycastle.tls.TlsUtils.verifyServerKeyExchangeSignature(TlsUtils.java:2503)
	at com.distrimind.bouncycastle.tls.TlsECDHEKeyExchange.processServerKeyExchange(TlsECDHEKeyExchange.java:93)
	at com.distrimind.bouncycastle.tls.TlsClientProtocol.handleHandshakeMessage(TlsClientProtocol.java:678)
	at com.distrimind.bouncycastle.tls.TlsProtocol.processHandshakeQueue(TlsProtocol.java:635)
	at com.distrimind.bouncycastle.tls.TlsProtocol.processRecord(TlsProtocol.java:524)
	at com.distrimind.bouncycastle.tls.RecordStream.readRecord(RecordStream.java:245)
	at com.distrimind.bouncycastle.tls.TlsProtocol.safeReadRecord(TlsProtocol.java:783)
	at com.distrimind.bouncycastle.tls.TlsProtocol.blockForHandshake(TlsProtocol.java:371)
	at com.distrimind.bouncycastle.tls.TlsClientProtocol.connect(TlsClientProtocol.java:86)
	at com.distrimind.bouncycastle.jsse.provider.ProvSSLSocketDirect.startHandshake(ProvSSLSocketDirect.java:445)
	at com.distrimind.bouncycastle.jsse.provider.ProvSSLSocketDirect.handshakeIfNecessary(ProvSSLSocketDirect.java:538)
	at com.distrimind.bouncycastle.jsse.provider.ProvSSLSocketDirect.getConnection(ProvSSLSocketDirect.java:224)
	at com.distrimind.bouncycastle.jsse.provider.ProvSSLSocketDirect.getSessionImpl(ProvSSLSocketDirect.java:529)
	at com.distrimind.bouncycastle.jsse.provider.ProvSSLSocketDirect.getSession(ProvSSLSocketDirect.java:290)
	at com.distrimind.bouncycastle.jsse.provider.test.EdDSACredentialsTest$EdDSAClient.call(EdDSACredentialsTest.java:80)
	at com.distrimind.bouncycastle.jsse.provider.test.EdDSACredentialsTest$EdDSAClient.call(EdDSACredentialsTest.java:36)
	at com.distrimind.bouncycastle.jsse.provider.test.TestProtocolUtil$Task.run(TestProtocolUtil.java:41)
	at java.base/java.lang.Thread.run(Thread.java:831)

nov. 01, 2021 4:51:09 PM com.distrimind.bouncycastle.jsse.provider.ProvTlsServer notifyAlertReceived
INFO: Server received fatal(2) certificate_unknown(46) alert
nov. 01, 2021 4:51:09 PM com.distrimind.bouncycastle.jsse.provider.ProvTlsClient notifyAlertRaised
INFO: Client raised fatal(2) certificate_unknown(46) alert: Failed to read record
com.distrimind.bouncycastle.tls.TlsFatalAlert: certificate_unknown(46)
	at com.distrimind.bouncycastle.tls.crypto.impl.jcajce.JcaTlsCertificate.getPubKeyEd448(JcaTlsCertificate.java:287)
	at com.distrimind.bouncycastle.tls.crypto.impl.jcajce.JcaTlsCertificate.createVerifier(JcaTlsCertificate.java:165)
	at com.distrimind.bouncycastle.tls.crypto.impl.jcajce.JcaTlsCertificate.createVerifier(JcaTlsCertificate.java:124)
	at com.distrimind.bouncycastle.tls.TlsUtils.verifyServerKeyExchangeSignature(TlsUtils.java:2503)
	at com.distrimind.bouncycastle.tls.TlsECDHEKeyExchange.processServerKeyExchange(TlsECDHEKeyExchange.java:93)
	at com.distrimind.bouncycastle.tls.TlsClientProtocol.handleHandshakeMessage(TlsClientProtocol.java:678)
	at com.distrimind.bouncycastle.tls.TlsProtocol.processHandshakeQueue(TlsProtocol.java:635)
	at com.distrimind.bouncycastle.tls.TlsProtocol.processRecord(TlsProtocol.java:524)
	at com.distrimind.bouncycastle.tls.RecordStream.readRecord(RecordStream.java:245)
	at com.distrimind.bouncycastle.tls.TlsProtocol.safeReadRecord(TlsProtocol.java:783)
	at com.distrimind.bouncycastle.tls.TlsProtocol.blockForHandshake(TlsProtocol.java:371)
	at com.distrimind.bouncycastle.tls.TlsClientProtocol.connect(TlsClientProtocol.java:86)
	at com.distrimind.bouncycastle.jsse.provider.ProvSSLSocketDirect.startHandshake(ProvSSLSocketDirect.java:445)
	at com.distrimind.bouncycastle.jsse.provider.ProvSSLSocketDirect.handshakeIfNecessary(ProvSSLSocketDirect.java:538)
	at com.distrimind.bouncycastle.jsse.provider.ProvSSLSocketDirect.getConnection(ProvSSLSocketDirect.java:224)
	at com.distrimind.bouncycastle.jsse.provider.ProvSSLSocketDirect.getSessionImpl(ProvSSLSocketDirect.java:529)
	at com.distrimind.bouncycastle.jsse.provider.ProvSSLSocketDirect.getSession(ProvSSLSocketDirect.java:290)
	at com.distrimind.bouncycastle.jsse.provider.test.EdDSACredentialsTest$EdDSAClient.call(EdDSACredentialsTest.java:80)
	at com.distrimind.bouncycastle.jsse.provider.test.EdDSACredentialsTest$EdDSAClient.call(EdDSACredentialsTest.java:36)
	at com.distrimind.bouncycastle.jsse.provider.test.TestProtocolUtil$Task.run(TestProtocolUtil.java:41)
	at java.base/java.lang.Thread.run(Thread.java:831)

nov. 01, 2021 4:51:09 PM com.distrimind.bouncycastle.jsse.provider.ProvTlsServer notifyAlertReceived
INFO: Server received fatal(2) certificate_unknown(46) alert
nov. 01, 2021 4:51:09 PM com.distrimind.bouncycastle.jsse.provider.ProvTlsClient notifyAlertRaised
INFO: Client raised fatal(2) certificate_unknown(46) alert: Failed to read record
com.distrimind.bouncycastle.tls.TlsFatalAlert: certificate_unknown(46)
	at com.distrimind.bouncycastle.tls.crypto.impl.jcajce.JcaTlsCertificate.getPubKeyEd25519(JcaTlsCertificate.java:277)
	at com.distrimind.bouncycastle.tls.crypto.impl.jcajce.JcaTlsCertificate.createVerifier(JcaTlsCertificate.java:162)
	at com.distrimind.bouncycastle.tls.TlsUtils.verify13CertificateVerifyServer(TlsUtils.java:2387)
	at com.distrimind.bouncycastle.tls.TlsClientProtocol.receive13ServerCertificateVerify(TlsClientProtocol.java:1495)
	at com.distrimind.bouncycastle.tls.TlsClientProtocol.handle13HandshakeMessage(TlsClientProtocol.java:209)
	at com.distrimind.bouncycastle.tls.TlsClientProtocol.handleHandshakeMessage(TlsClientProtocol.java:368)
	at com.distrimind.bouncycastle.tls.TlsProtocol.processHandshakeQueue(TlsProtocol.java:635)
	at com.distrimind.bouncycastle.tls.TlsProtocol.processRecord(TlsProtocol.java:524)
	at com.distrimind.bouncycastle.tls.RecordStream.readRecord(RecordStream.java:245)
	at com.distrimind.bouncycastle.tls.TlsProtocol.safeReadRecord(TlsProtocol.java:783)
	at com.distrimind.bouncycastle.tls.TlsProtocol.blockForHandshake(TlsProtocol.java:371)
	at com.distrimind.bouncycastle.tls.TlsClientProtocol.connect(TlsClientProtocol.java:86)
	at com.distrimind.bouncycastle.jsse.provider.ProvSSLSocketDirect.startHandshake(ProvSSLSocketDirect.java:445)
	at com.distrimind.bouncycastle.jsse.provider.ProvSSLSocketDirect.handshakeIfNecessary(ProvSSLSocketDirect.java:538)
	at com.distrimind.bouncycastle.jsse.provider.ProvSSLSocketDirect.getConnection(ProvSSLSocketDirect.java:224)
	at com.distrimind.bouncycastle.jsse.provider.ProvSSLSocketDirect.getSessionImpl(ProvSSLSocketDirect.java:529)
	at com.distrimind.bouncycastle.jsse.provider.ProvSSLSocketDirect.getSession(ProvSSLSocketDirect.java:290)
	at com.distrimind.bouncycastle.jsse.provider.test.EdDSACredentialsTest$EdDSAClient.call(EdDSACredentialsTest.java:80)
	at com.distrimind.bouncycastle.jsse.provider.test.EdDSACredentialsTest$EdDSAClient.call(EdDSACredentialsTest.java:36)
	at com.distrimind.bouncycastle.jsse.provider.test.TestProtocolUtil$Task.run(TestProtocolUtil.java:41)
	at java.base/java.lang.Thread.run(Thread.java:831)

nov. 01, 2021 4:51:09 PM com.distrimind.bouncycastle.jsse.provider.ProvTlsServer notifyAlertReceived
INFO: Server received fatal(2) certificate_unknown(46) alert
nov. 01, 2021 4:51:09 PM com.distrimind.bouncycastle.jsse.provider.ProvTlsClient notifyAlertRaised
INFO: Client raised fatal(2) certificate_unknown(46) alert: Failed to read record
com.distrimind.bouncycastle.tls.TlsFatalAlert: certificate_unknown(46)
	at com.distrimind.bouncycastle.tls.crypto.impl.jcajce.JcaTlsCertificate.getPubKeyEd448(JcaTlsCertificate.java:287)
	at com.distrimind.bouncycastle.tls.crypto.impl.jcajce.JcaTlsCertificate.createVerifier(JcaTlsCertificate.java:165)
	at com.distrimind.bouncycastle.tls.TlsUtils.verify13CertificateVerifyServer(TlsUtils.java:2387)
	at com.distrimind.bouncycastle.tls.TlsClientProtocol.receive13ServerCertificateVerify(TlsClientProtocol.java:1495)
	at com.distrimind.bouncycastle.tls.TlsClientProtocol.handle13HandshakeMessage(TlsClientProtocol.java:209)
	at com.distrimind.bouncycastle.tls.TlsClientProtocol.handleHandshakeMessage(TlsClientProtocol.java:368)
	at com.distrimind.bouncycastle.tls.TlsProtocol.processHandshakeQueue(TlsProtocol.java:635)
	at com.distrimind.bouncycastle.tls.TlsProtocol.processRecord(TlsProtocol.java:524)
	at com.distrimind.bouncycastle.tls.RecordStream.readRecord(RecordStream.java:245)
	at com.distrimind.bouncycastle.tls.TlsProtocol.safeReadRecord(TlsProtocol.java:783)
	at com.distrimind.bouncycastle.tls.TlsProtocol.blockForHandshake(TlsProtocol.java:371)
	at com.distrimind.bouncycastle.tls.TlsClientProtocol.connect(TlsClientProtocol.java:86)
	at com.distrimind.bouncycastle.jsse.provider.ProvSSLSocketDirect.startHandshake(ProvSSLSocketDirect.java:445)
	at com.distrimind.bouncycastle.jsse.provider.ProvSSLSocketDirect.handshakeIfNecessary(ProvSSLSocketDirect.java:538)
	at com.distrimind.bouncycastle.jsse.provider.ProvSSLSocketDirect.getConnection(ProvSSLSocketDirect.java:224)
	at com.distrimind.bouncycastle.jsse.provider.ProvSSLSocketDirect.getSessionImpl(ProvSSLSocketDirect.java:529)
	at com.distrimind.bouncycastle.jsse.provider.ProvSSLSocketDirect.getSession(ProvSSLSocketDirect.java:290)
	at com.distrimind.bouncycastle.jsse.provider.test.EdDSACredentialsTest$EdDSAClient.call(EdDSACredentialsTest.java:80)
	at com.distrimind.bouncycastle.jsse.provider.test.EdDSACredentialsTest$EdDSAClient.call(EdDSACredentialsTest.java:36)
	at com.distrimind.bouncycastle.jsse.provider.test.TestProtocolUtil$Task.run(TestProtocolUtil.java:41)
	at java.base/java.lang.Thread.run(Thread.java:831)

nov. 01, 2021 4:51:09 PM com.distrimind.bouncycastle.jsse.provider.ProvTlsServer notifyAlertReceived
INFO: Server received fatal(2) certificate_unknown(46) alert
]]></system-err>
</testsuite>
